Logs/TLog.txt
2018-07-05 00:41:38.057109 ('start: Creating log file',)
Logs/NavLog.txt
2018-07-05 00:41:38.057298 ('calculate_box: ',)
2018-07-05 00:41:38.057309 ('start: all_waypoints - ', [[0, 10, 3], [10, 10, 3], [10, 0, 3], [0, 0, 3]])
2018-07-05 00:41:38.057318 ('start: starting connection',)
2018-07-05 00:41:38.058078 ('velocity_callback: Pass',)
2018-07-05 00:41:38.063403 ('lpc: -----Enter----------',)
2018-07-05 00:41:38.063458 ('lpc: local_position: ', array([-2.53464389,  0.71715295,  0.01245221]))
2018-07-05 00:41:38.064258 ('lpc: target_position: ', array([0., 0., 0.]))
2018-07-05 00:41:38.064433 ('lpc: flight_state', <States.MANUAL: 0>)
2018-07-05 00:41:38.064457 ('lpc: Mission Status:', True)
******Arming*****
2018-07-05 00:41:38.064475 ('arming_transition: enter',)
2018-07-05 00:41:38.082260 ('arming_transition: state changed to :', <States.ARMING: 1>)
2018-07-05 00:41:38.082318 ('arming_transition: exit',)
2018-07-05 00:41:38.082336 ('lpc: -----Exit----------',)
2018-07-05 00:41:38.082434 ('velocity_callback: Pass',)
2018-07-05 00:41:38.093968 ('velocity_callback: Pass',)
2018-07-05 00:41:38.094226 ('lpc: -----Enter----------',)
2018-07-05 00:41:38.094250 ('lpc: local_position: ', array([-2.6394372 ,  0.53026772,  0.00740247]))
2018-07-05 00:41:38.094572 ('lpc: target_position: ', array([0., 0., 0.]))
2018-07-05 00:41:38.094726 ('lpc: flight_state', <States.ARMING: 1>)
2018-07-05 00:41:38.094744 ('lpc: Mission Status:', True)
2018-07-05 00:41:38.094755 ('lpc: ARMING / pass',)
2018-07-05 00:41:38.094765 ('lpc: -----Exit----------',)
2018-07-05 00:41:38.094816 ('velocity_callback: Pass',)
2018-07-05 00:41:38.105921 ('velocity_callback: Pass',)
2018-07-05 00:41:38.117224 ('lpc: -----Enter----------',)
2018-07-05 00:41:38.117266 ('lpc: local_position: ', array([-2.68783998e+00,  5.70966482e-01,  3.23019922e-04]))
2018-07-05 00:41:38.117700 ('lpc: target_position: ', array([0., 0., 0.]))
2018-07-05 00:41:38.117835 ('lpc: flight_state', <States.ARMING: 1>)
2018-07-05 00:41:38.117851 ('lpc: Mission Status:', True)
2018-07-05 00:41:38.117859 ('lpc: ARMING / pass',)
2018-07-05 00:41:38.117867 ('lpc: -----Exit----------',)
2018-07-05 00:41:38.117942 ('velocity_callback: Pass',)
2018-07-05 00:41:38.136973 ('sc: enter',)
2018-07-05 00:41:38.137003 ('sc: flight_state: ', <States.ARMING: 1>)
2018-07-05 00:41:38.137023 ('sc: exit',)
2018-07-05 00:41:38.154058 ('velocity_callback: Pass',)
2018-07-05 00:41:38.154230 ('lpc: -----Enter----------',)
2018-07-05 00:41:38.154251 ('lpc: local_position: ', array([-2.64988852,  0.75965226, -0.00843794]))
2018-07-05 00:41:38.154513 ('lpc: target_position: ', array([0., 0., 0.]))
2018-07-05 00:41:38.154614 ('lpc: flight_state', <States.ARMING: 1>)
2018-07-05 00:41:38.154626 ('lpc: Mission Status:', True)
2018-07-05 00:41:38.154635 ('lpc: ARMING / pass',)
2018-07-05 00:41:38.154641 ('lpc: -----Exit----------',)
2018-07-05 00:41:38.154675 ('velocity_callback: Pass',)
2018-07-05 00:41:38.154873 ('velocity_callback: Pass',)
2018-07-05 00:41:38.160706 ('lpc: -----Enter----------',)
2018-07-05 00:41:38.160733 ('lpc: local_position: ', array([-2.44883299,  0.82138854, -0.01650482]))
2018-07-05 00:41:38.161017 ('lpc: target_position: ', array([0., 0., 0.]))
2018-07-05 00:41:38.161167 ('lpc: flight_state', <States.ARMING: 1>)
2018-07-05 00:41:38.161179 ('lpc: Mission Status:', True)
2018-07-05 00:41:38.161184 ('lpc: ARMING / pass',)
2018-07-05 00:41:38.161190 ('lpc: -----Exit----------',)
2018-07-05 00:41:38.161242 ('velocity_callback: Pass',)
2018-07-05 00:41:38.174225 ('velocity_callback: Pass',)
2018-07-05 00:41:38.180699 ('lpc: -----Enter----------',)
2018-07-05 00:41:38.180736 ('lpc: local_position: ', array([-2.45689797,  0.62228233, -0.02587409]))
2018-07-05 00:41:38.181017 ('lpc: target_position: ', array([0., 0., 0.]))
2018-07-05 00:41:38.181141 ('lpc: flight_state', <States.ARMING: 1>)
2018-07-05 00:41:38.181157 ('lpc: Mission Status:', True)
2018-07-05 00:41:38.181164 ('lpc: ARMING / pass',)
2018-07-05 00:41:38.181172 ('lpc: -----Exit----------',)
2018-07-05 00:41:38.181224 ('velocity_callback: Pass',)
2018-07-05 00:41:38.187559 ('velocity_callback: Pass',)
2018-07-05 00:41:38.187807 ('lpc: -----Enter----------',)
2018-07-05 00:41:38.187844 ('lpc: local_position: ', array([-2.50269461,  0.59837842, -0.03925452]))
2018-07-05 00:41:38.188120 ('lpc: target_position: ', array([0., 0., 0.]))
2018-07-05 00:41:38.188311 ('lpc: flight_state', <States.ARMING: 1>)
2018-07-05 00:41:38.188326 ('lpc: Mission Status:', True)
2018-07-05 00:41:38.188333 ('lpc: ARMING / pass',)
2018-07-05 00:41:38.188340 ('lpc: -----Exit----------',)
2018-07-05 00:41:38.188383 ('velocity_callback: Pass',)
2018-07-05 00:41:38.201480 ('sc: enter',)
2018-07-05 00:41:38.201505 ('sc: flight_state: ', <States.ARMING: 1>)
2018-07-05 00:41:38.201523 ('sc: exit',)
2018-07-05 00:41:38.214698 ('velocity_callback: Pass',)
2018-07-05 00:41:38.214886 ('lpc: -----Enter----------',)
2018-07-05 00:41:38.214909 ('lpc: local_position: ', array([-2.40237689,  0.68698847, -0.05861854]))
2018-07-05 00:41:38.215184 ('lpc: target_position: ', array([0., 0., 0.]))
2018-07-05 00:41:38.215299 ('lpc: flight_state', <States.ARMING: 1>)
2018-07-05 00:41:38.215312 ('lpc: Mission Status:', True)
2018-07-05 00:41:38.215320 ('lpc: ARMING / pass',)
2018-07-05 00:41:38.215326 ('lpc: -----Exit----------',)
2018-07-05 00:41:38.215365 ('velocity_callback: Pass',)
2018-07-05 00:41:38.221281 ('velocity_callback: Pass',)
2018-07-05 00:41:38.227890 ('lpc: -----Enter----------',)
2018-07-05 00:41:38.227933 ('lpc: local_position: ', array([ 0.00726907,  0.01157332, -0.08297782]))
2018-07-05 00:41:38.228217 ('lpc: target_position: ', array([0., 0., 0.]))
2018-07-05 00:41:38.228386 ('lpc: flight_state', <States.ARMING: 1>)
2018-07-05 00:41:38.228406 ('lpc: Mission Status:', True)
2018-07-05 00:41:38.228417 ('lpc: ARMING / pass',)
2018-07-05 00:41:38.228428 ('lpc: -----Exit----------',)
2018-07-05 00:41:38.228488 ('velocity_callback: Pass',)
2018-07-05 00:41:38.362431 ('velocity_callback: Pass',)
2018-07-05 00:41:38.396647 ('lpc: -----Enter----------',)
2018-07-05 00:41:38.396705 ('lpc: local_position: ', array([ 0.06619456,  0.02650551, -0.11510871]))
2018-07-05 00:41:38.397133 ('lpc: target_position: ', array([0., 0., 0.]))
2018-07-05 00:41:38.397309 ('lpc: flight_state', <States.ARMING: 1>)
2018-07-05 00:41:38.397330 ('lpc: Mission Status:', True)
2018-07-05 00:41:38.397340 ('lpc: ARMING / pass',)
2018-07-05 00:41:38.397349 ('lpc: -----Exit----------',)
2018-07-05 00:41:38.397414 ('velocity_callback: Pass',)
2018-07-05 00:41:38.611742 ('velocity_callback: Pass',)
2018-07-05 00:41:38.634761 ('lpc: -----Enter----------',)
2018-07-05 00:41:38.634807 ('lpc: local_position: ', array([ 0.07464761, -0.0569616 , -0.14775959]))
2018-07-05 00:41:38.635190 ('lpc: target_position: ', array([0., 0., 0.]))
2018-07-05 00:41:38.635372 ('lpc: flight_state', <States.ARMING: 1>)
2018-07-05 00:41:38.635393 ('lpc: Mission Status:', True)
2018-07-05 00:41:38.635402 ('lpc: ARMING / pass',)
2018-07-05 00:41:38.635409 ('lpc: -----Exit----------',)
2018-07-05 00:41:38.635458 ('velocity_callback: Pass',)
2018-07-05 00:41:38.734479 ('sc: enter',)
2018-07-05 00:41:38.734506 ('sc: flight_state: ', <States.ARMING: 1>)
2018-07-05 00:41:38.734522 ('takeoff_transition: enter',)
******Taking Off*****
2018-07-05 00:41:38.734712 ('takeoff_transition: exit',)
2018-07-05 00:41:38.734726 ('sc: exit',)
2018-07-05 00:41:38.856717 ('velocity_callback: Pass',)
2018-07-05 00:41:38.889664 ('lpc: -----Enter----------',)
2018-07-05 00:41:38.889699 ('lpc: local_position: ', array([-0.11688775, -0.13989063, -0.22608885]))
2018-07-05 00:41:38.889949 ('lpc: target_position: ', array([0., 0., 3.]))
2018-07-05 00:41:38.890082 ('lpc: flight_state', <States.TAKEOFF: 2>)
2018-07-05 00:41:38.890096 ('lpc: Mission Status:', True)
2018-07-05 00:41:38.890110 ('lpc: -----Exit----------',)
2018-07-05 00:41:38.890154 ('velocity_callback: Pass',)
2018-07-05 00:41:39.100860 ('velocity_callback: Pass',)
2018-07-05 00:41:39.148459 ('lpc: -----Enter----------',)
2018-07-05 00:41:39.148493 ('lpc: local_position: ', array([-0.05968907,  0.02559489, -0.7898618 ]))
2018-07-05 00:41:39.148782 ('lpc: target_position: ', array([0., 0., 3.]))
2018-07-05 00:41:39.148916 ('lpc: flight_state', <States.TAKEOFF: 2>)
2018-07-05 00:41:39.148930 ('lpc: Mission Status:', True)
2018-07-05 00:41:39.148945 ('lpc: -----Exit----------',)
2018-07-05 00:41:39.148990 ('velocity_callback: Pass',)
2018-07-05 00:41:39.363177 ('velocity_callback: Pass',)
2018-07-05 00:41:39.385792 ('lpc: -----Enter----------',)
2018-07-05 00:41:39.385828 ('lpc: local_position: ', array([ 0.02115482,  0.14365543, -1.67720842]))
2018-07-05 00:41:39.386082 ('lpc: target_position: ', array([0., 0., 3.]))
2018-07-05 00:41:39.386221 ('lpc: flight_state', <States.TAKEOFF: 2>)
2018-07-05 00:41:39.386236 ('lpc: Mission Status:', True)
2018-07-05 00:41:39.386252 ('lpc: -----Exit----------',)
2018-07-05 00:41:39.386302 ('velocity_callback: Pass',)
2018-07-05 00:41:39.610743 ('velocity_callback: Pass',)
2018-07-05 00:41:39.643853 ('lpc: -----Enter----------',)
2018-07-05 00:41:39.644185 ('lpc: local_position: ', array([ 0.02452439,  0.00356396, -2.75734091]))
2018-07-05 00:41:39.647850 ('lpc: target_position: ', array([0., 0., 3.]))
2018-07-05 00:41:39.650439 ('lpc: flight_state', <States.TAKEOFF: 2>)
2018-07-05 00:41:39.650645 ('lpc: Mission Status:', True)
2018-07-05 00:41:39.651030 ('lpc: -----Exit----------',)
2018-07-05 00:41:39.651600 ('velocity_callback: Pass',)
2018-07-05 00:41:39.740695 ('sc: enter',)
2018-07-05 00:41:39.740735 ('sc: flight_state: ', <States.TAKEOFF: 2>)
2018-07-05 00:41:39.740762 ('sc: exit',)
2018-07-05 00:41:39.856797 ('velocity_callback: Pass',)
2018-07-05 00:41:39.885664 ('lpc: -----Enter----------',)
2018-07-05 00:41:39.885698 ('lpc: local_position: ', array([ 0.12089031, -0.15944837, -3.43243027]))
2018-07-05 00:41:39.885948 ('lpc: target_position: ', array([0., 0., 3.]))
2018-07-05 00:41:39.886077 ('lpc: flight_state', <States.TAKEOFF: 2>)
2018-07-05 00:41:39.886090 ('lpc: Mission Status:', True)
2018-07-05 00:41:39.886102 ('lpc: Height reached',)
******Height reached*****
2018-07-05 00:41:39.886117 ('waypoint_transition: enter',)
2018-07-05 00:41:39.886123 ('waypoint_transition: updating target position to first waypoint',)
2018-07-05 00:41:39.886130 ('waypoint_transition: target_position: ', [0, 10, 3])
2018-07-05 00:41:39.892194 ('waypoint_transition: exit',)
2018-07-05 00:41:39.892210 ('lpc: current waypoints:', [[0, 10, 3], [10, 10, 3], [10, 0, 3], [0, 0, 3]])
2018-07-05 00:41:39.892234 ('get_distance: distance: ', (0.120890311896801, 10.159448370337486, 0.4324302673339844))
2018-07-05 00:41:39.892255 ('lpc: Sending to Waypoint Transition',)
2018-07-05 00:41:39.892261 ('waypoint_transition: enter',)
2018-07-05 00:41:39.892266 ('waypoint_transition: target_position: ', [0, 10, 3])
2018-07-05 00:41:39.892463 ('waypoint_transition: exit',)
2018-07-05 00:41:39.892480 ('lpc: -----Exit----------',)
2018-07-05 00:41:39.892552 ('velocity_callback: Pass',)
2018-07-05 00:41:40.106311 ('velocity_callback: Pass',)
2018-07-05 00:41:40.141199 ('lpc: -----Enter----------',)
2018-07-05 00:41:40.141239 ('lpc: local_position: ', array([ 0.15104832, -0.17619146, -3.50843096]))
2018-07-05 00:41:40.141497 ('lpc: target_position: ', [0, 10, 3])
2018-07-05 00:41:40.141507 ('lpc: flight_state', <States.WAYPOINT: 3>)
2018-07-05 00:41:40.141517 ('lpc: Mission Status:', True)
2018-07-05 00:41:40.141523 ('lpc: current waypoints:', [[0, 10, 3], [10, 10, 3], [10, 0, 3], [0, 0, 3]])
2018-07-05 00:41:40.141542 ('get_distance: distance: ', (0.15104831755161285, 10.176191464066505, 0.5084309577941895))
2018-07-05 00:41:40.141553 ('lpc: Sending to Waypoint Transition',)
2018-07-05 00:41:40.141558 ('waypoint_transition: enter',)
2018-07-05 00:41:40.141563 ('waypoint_transition: target_position: ', [0, 10, 3])
2018-07-05 00:41:40.147501 ('waypoint_transition: exit',)
2018-07-05 00:41:40.147551 ('lpc: -----Exit----------',)
2018-07-05 00:41:40.147640 ('velocity_callback: Pass',)
2018-07-05 00:41:40.363089 ('velocity_callback: Pass',)
2018-07-05 00:41:40.391813 ('lpc: -----Enter----------',)
2018-07-05 00:41:40.391852 ('lpc: local_position: ', array([ 1.51298556e-03, -7.40819320e-04, -3.09964323e+00]))
2018-07-05 00:41:40.392199 ('lpc: target_position: ', [0, 10, 3])
2018-07-05 00:41:40.392225 ('lpc: flight_state', <States.WAYPOINT: 3>)
2018-07-05 00:41:40.392243 ('lpc: Mission Status:', True)
2018-07-05 00:41:40.392251 ('lpc: current waypoints:', [[0, 10, 3], [10, 10, 3], [10, 0, 3], [0, 0, 3]])
2018-07-05 00:41:40.392279 ('get_distance: distance: ', (0.0015129855601117015, 10.000740819319617, 0.09964323043823242))
2018-07-05 00:41:40.392299 ('lpc: Sending to Waypoint Transition',)
2018-07-05 00:41:40.392310 ('waypoint_transition: enter',)
2018-07-05 00:41:40.392322 ('waypoint_transition: target_position: ', [0, 10, 3])
2018-07-05 00:41:40.397596 ('waypoint_transition: exit',)
2018-07-05 00:41:40.397624 ('lpc: -----Exit----------',)
2018-07-05 00:41:40.397700 ('velocity_callback: Pass',)
2018-07-05 00:41:40.612541 ('velocity_callback: Pass',)
2018-07-05 00:41:40.636359 ('lpc: -----Enter----------',)
2018-07-05 00:41:40.636398 ('lpc: local_position: ', array([ 0.02712433,  0.38244629, -2.77774501]))
2018-07-05 00:41:40.636806 ('lpc: target_position: ', [0, 10, 3])
2018-07-05 00:41:40.636818 ('lpc: flight_state', <States.WAYPOINT: 3>)
2018-07-05 00:41:40.636830 ('lpc: Mission Status:', True)
2018-07-05 00:41:40.636838 ('lpc: current waypoints:', [[0, 10, 3], [10, 10, 3], [10, 0, 3], [0, 0, 3]])
2018-07-05 00:41:40.636858 ('get_distance: distance: ', (0.027124330401420593, 9.6175537109375, 0.22225499153137207))
2018-07-05 00:41:40.636869 ('lpc: Sending to Waypoint Transition',)
2018-07-05 00:41:40.636875 ('waypoint_transition: enter',)
2018-07-05 00:41:40.636880 ('waypoint_transition: target_position: ', [0, 10, 3])
2018-07-05 00:41:40.643480 ('waypoint_transition: exit',)
2018-07-05 00:41:40.643514 ('lpc: -----Exit----------',)
2018-07-05 00:41:40.643592 ('velocity_callback: Pass',)
2018-07-05 00:41:40.744978 ('sc: enter',)
2018-07-05 00:41:40.745005 ('sc: flight_state: ', <States.WAYPOINT: 3>)
2018-07-05 00:41:40.745019 ('sc: Keeping States.WAYPOINT',)
2018-07-05 00:41:40.745029 ('sc: exit',)
2018-07-05 00:41:40.856969 ('velocity_callback: Pass',)
2018-07-05 00:41:40.892008 ('lpc: -----Enter----------',)
2018-07-05 00:41:40.892061 ('lpc: local_position: ', array([-0.03288124,  1.28026104, -2.86697507]))
2018-07-05 00:41:40.892384 ('lpc: target_position: ', [0, 10, 3])
2018-07-05 00:41:40.892396 ('lpc: flight_state', <States.WAYPOINT: 3>)
2018-07-05 00:41:40.892409 ('lpc: Mission Status:', True)
2018-07-05 00:41:40.892415 ('lpc: current waypoints:', [[0, 10, 3], [10, 10, 3], [10, 0, 3], [0, 0, 3]])
2018-07-05 00:41:40.892436 ('get_distance: distance: ', (0.0328812412917614, 8.719738960266113, 0.1330249309539795))
2018-07-05 00:41:40.892449 ('lpc: Sending to Waypoint Transition',)
2018-07-05 00:41:40.892455 ('waypoint_transition: enter',)
2018-07-05 00:41:40.892461 ('waypoint_transition: target_position: ', [0, 10, 3])
2018-07-05 00:41:40.892619 ('waypoint_transition: exit',)
2018-07-05 00:41:40.892641 ('lpc: -----Exit----------',)
2018-07-05 00:41:40.892723 ('velocity_callback: Pass',)
2018-07-05 00:41:41.112517 ('velocity_callback: Pass',)
2018-07-05 00:41:41.137013 ('lpc: -----Enter----------',)
2018-07-05 00:41:41.137066 ('lpc: local_position: ', array([-0.00547193,  2.54239845, -3.01361823]))
2018-07-05 00:41:41.137451 ('lpc: target_position: ', [0, 10, 3])
2018-07-05 00:41:41.137467 ('lpc: flight_state', <States.WAYPOINT: 3>)
2018-07-05 00:41:41.137482 ('lpc: Mission Status:', True)
2018-07-05 00:41:41.137493 ('lpc: current waypoints:', [[0, 10, 3], [10, 10, 3], [10, 0, 3], [0, 0, 3]])
2018-07-05 00:41:41.137522 ('get_distance: distance: ', (0.005471926648169756, 7.457601547241211, 0.013618230819702148))
2018-07-05 00:41:41.137534 ('lpc: Sending to Waypoint Transition',)
2018-07-05 00:41:41.137540 ('waypoint_transition: enter',)
2018-07-05 00:41:41.137545 ('waypoint_transition: target_position: ', [0, 10, 3])
2018-07-05 00:41:41.143706 ('waypoint_transition: exit',)
2018-07-05 00:41:41.143743 ('lpc: -----Exit----------',)
2018-07-05 00:41:41.143824 ('velocity_callback: Pass',)
2018-07-05 00:41:41.350456 ('velocity_callback: Pass',)
2018-07-05 00:41:41.386360 ('lpc: -----Enter----------',)
2018-07-05 00:41:41.386395 ('lpc: local_position: ', array([-0.13435003,  4.10543585, -2.96121192]))
2018-07-05 00:41:41.386647 ('lpc: target_position: ', [0, 10, 3])
2018-07-05 00:41:41.386657 ('lpc: flight_state', <States.WAYPOINT: 3>)
2018-07-05 00:41:41.386667 ('lpc: Mission Status:', True)
2018-07-05 00:41:41.386674 ('lpc: current waypoints:', [[0, 10, 3], [10, 10, 3], [10, 0, 3], [0, 0, 3]])
2018-07-05 00:41:41.386693 ('get_distance: distance: ', (0.1343500316143036, 5.894564151763916, 0.0387880802154541))
2018-07-05 00:41:41.386703 ('lpc: Sending to Waypoint Transition',)
2018-07-05 00:41:41.386710 ('waypoint_transition: enter',)
2018-07-05 00:41:41.386715 ('waypoint_transition: target_position: ', [0, 10, 3])
2018-07-05 00:41:41.386851 ('waypoint_transition: exit',)
2018-07-05 00:41:41.386863 ('lpc: -----Exit----------',)
2018-07-05 00:41:41.386911 ('velocity_callback: Pass',)
2018-07-05 00:41:41.601693 ('velocity_callback: Pass',)
2018-07-05 00:41:41.637566 ('lpc: -----Enter----------',)
2018-07-05 00:41:41.637600 ('lpc: local_position: ', array([-0.03264194,  5.82088852, -2.92313647]))
2018-07-05 00:41:41.637848 ('lpc: target_position: ', [0, 10, 3])
2018-07-05 00:41:41.637859 ('lpc: flight_state', <States.WAYPOINT: 3>)
2018-07-05 00:41:41.637870 ('lpc: Mission Status:', True)
2018-07-05 00:41:41.637876 ('lpc: current waypoints:', [[0, 10, 3], [10, 10, 3], [10, 0, 3], [0, 0, 3]])
2018-07-05 00:41:41.637895 ('get_distance: distance: ', (0.0326419435441494, 4.179111480712891, 0.07686352729797363))
2018-07-05 00:41:41.637906 ('lpc: Sending to Waypoint Transition',)
2018-07-05 00:41:41.637911 ('waypoint_transition: enter',)
2018-07-05 00:41:41.637916 ('waypoint_transition: target_position: ', [0, 10, 3])
2018-07-05 00:41:41.638054 ('waypoint_transition: exit',)
2018-07-05 00:41:41.638066 ('lpc: -----Exit----------',)
2018-07-05 00:41:41.638115 ('velocity_callback: Pass',)
2018-07-05 00:41:41.752734 ('sc: enter',)
2018-07-05 00:41:41.752757 ('sc: flight_state: ', <States.WAYPOINT: 3>)
2018-07-05 00:41:41.752771 ('sc: Keeping States.WAYPOINT',)
2018-07-05 00:41:41.752779 ('sc: exit',)
2018-07-05 00:41:41.853241 ('velocity_callback: Pass',)
2018-07-05 00:41:41.885555 ('lpc: -----Enter----------',)
2018-07-05 00:41:41.885598 ('lpc: local_position: ', array([ 0.04263342,  7.45633078, -2.93387222]))
2018-07-05 00:41:41.885887 ('lpc: target_position: ', [0, 10, 3])
2018-07-05 00:41:41.885898 ('lpc: flight_state', <States.WAYPOINT: 3>)
2018-07-05 00:41:41.885910 ('lpc: Mission Status:', True)
2018-07-05 00:41:41.885917 ('lpc: current waypoints:', [[0, 10, 3], [10, 10, 3], [10, 0, 3], [0, 0, 3]])
2018-07-05 00:41:41.885936 ('get_distance: distance: ', (0.04263342171907425, 2.5436692237854004, 0.06612777709960938))
2018-07-05 00:41:41.885948 ('lpc: Sending to Waypoint Transition',)
2018-07-05 00:41:41.885954 ('waypoint_transition: enter',)
2018-07-05 00:41:41.885959 ('waypoint_transition: target_position: ', [0, 10, 3])
2018-07-05 00:41:41.886108 ('waypoint_transition: exit',)
2018-07-05 00:41:41.886120 ('lpc: -----Exit----------',)
2018-07-05 00:41:41.886169 ('velocity_callback: Pass',)
2018-07-05 00:41:42.112136 ('velocity_callback: Pass',)
2018-07-05 00:41:42.142015 ('lpc: -----Enter----------',)
2018-07-05 00:41:42.142051 ('lpc: local_position: ', array([ 0.05250931,  9.12916088, -2.93372226]))
2018-07-05 00:41:42.142309 ('lpc: target_position: ', [0, 10, 3])
2018-07-05 00:41:42.142321 ('lpc: flight_state', <States.WAYPOINT: 3>)
2018-07-05 00:41:42.142332 ('lpc: Mission Status:', True)
2018-07-05 00:41:42.142339 ('lpc: current waypoints:', [[0, 10, 3], [10, 10, 3], [10, 0, 3], [0, 0, 3]])
2018-07-05 00:41:42.142358 ('get_distance: distance: ', (0.05250931158661842, 0.8708391189575195, 0.06627774238586426))
2018-07-05 00:41:42.142369 ('lpc: Sending to Waypoint Transition',)
2018-07-05 00:41:42.142375 ('waypoint_transition: enter',)
2018-07-05 00:41:42.142380 ('waypoint_transition: target_position: ', [0, 10, 3])
2018-07-05 00:41:42.147668 ('waypoint_transition: exit',)
2018-07-05 00:41:42.147688 ('lpc: -----Exit----------',)
2018-07-05 00:41:42.147745 ('velocity_callback: Pass',)
2018-07-05 00:41:42.358018 ('velocity_callback: Pass',)
2018-07-05 00:41:42.387356 ('lpc: -----Enter----------',)
2018-07-05 00:41:42.387391 ('lpc: local_position: ', array([-0.06790281, 10.29816532, -2.9339838 ]))
2018-07-05 00:41:42.387646 ('lpc: target_position: ', [0, 10, 3])
2018-07-05 00:41:42.387656 ('lpc: flight_state', <States.WAYPOINT: 3>)
2018-07-05 00:41:42.387667 ('lpc: Mission Status:', True)
2018-07-05 00:41:42.387673 ('lpc: current waypoints:', [[0, 10, 3], [10, 10, 3], [10, 0, 3], [0, 0, 3]])
2018-07-05 00:41:42.387693 ('get_distance: distance: ', (0.0679028108716011, 0.29816532135009766, 0.06601619720458984))
2018-07-05 00:41:42.387704 ('lpc: Waypoint reached',)
******Waypoint reached*****
2018-07-05 00:41:42.387710 ('lpc: deleting first waypoint',)
2018-07-05 00:41:42.387715 ('lpc: remaining waypoints:', [[10, 10, 3], [10, 0, 3], [0, 0, 3]])
2018-07-05 00:41:42.387725 ('lpc: -----Exit----------',)
2018-07-05 00:41:42.387772 ('velocity_callback: Pass',)
2018-07-05 00:41:42.606896 ('velocity_callback: Pass',)
2018-07-05 00:41:42.642043 ('lpc: -----Enter----------',)
2018-07-05 00:41:42.642084 ('lpc: local_position: ', array([-0.06043931, 11.15404034, -2.93941951]))
2018-07-05 00:41:42.642367 ('lpc: target_position: ', [10, 10, 3])
2018-07-05 00:41:42.642381 ('lpc: flight_state', <States.WAYPOINT: 3>)
2018-07-05 00:41:42.642394 ('lpc: Mission Status:', True)
2018-07-05 00:41:42.642401 ('lpc: current waypoints:', [[10, 10, 3], [10, 0, 3], [0, 0, 3]])
2018-07-05 00:41:42.642420 ('get_distance: distance: ', (10.060439307242632, 1.1540403366088867, 0.06058049201965332))
2018-07-05 00:41:42.642432 ('lpc: Sending to Waypoint Transition',)
2018-07-05 00:41:42.642438 ('waypoint_transition: enter',)
2018-07-05 00:41:42.642444 ('waypoint_transition: target_position: ', [10, 10, 3])
2018-07-05 00:41:42.648916 ('waypoint_transition: exit',)
2018-07-05 00:41:42.648937 ('lpc: -----Exit----------',)
2018-07-05 00:41:42.648995 ('velocity_callback: Pass',)
2018-07-05 00:41:42.745940 ('sc: enter',)
2018-07-05 00:41:42.745967 ('sc: flight_state: ', <States.WAYPOINT: 3>)
2018-07-05 00:41:42.745980 ('sc: Keeping States.WAYPOINT',)
2018-07-05 00:41:42.745985 ('sc: exit',)
2018-07-05 00:41:42.853738 ('velocity_callback: Pass',)
2018-07-05 00:41:42.897837 ('lpc: -----Enter----------',)
2018-07-05 00:41:42.897876 ('lpc: local_position: ', array([ 0.09577697, 11.77340031, -2.95073247]))
2018-07-05 00:41:42.898144 ('lpc: target_position: ', [10, 10, 3])
2018-07-05 00:41:42.898155 ('lpc: flight_state', <States.WAYPOINT: 3>)
2018-07-05 00:41:42.898166 ('lpc: Mission Status:', True)
2018-07-05 00:41:42.898173 ('lpc: current waypoints:', [[10, 10, 3], [10, 0, 3], [0, 0, 3]])
2018-07-05 00:41:42.898192 ('get_distance: distance: ', (9.904223032295704, 1.7734003067016602, 0.04926753044128418))
2018-07-05 00:41:42.898203 ('lpc: Sending to Waypoint Transition',)
2018-07-05 00:41:42.898208 ('waypoint_transition: enter',)
2018-07-05 00:41:42.898216 ('waypoint_transition: target_position: ', [10, 10, 3])
2018-07-05 00:41:42.903594 ('waypoint_transition: exit',)
2018-07-05 00:41:42.903620 ('lpc: -----Exit----------',)
2018-07-05 00:41:42.903688 ('velocity_callback: Pass',)
2018-07-05 00:41:43.101435 ('velocity_callback: Pass',)
2018-07-05 00:41:43.142204 ('lpc: -----Enter----------',)
2018-07-05 00:41:43.142241 ('lpc: local_position: ', array([ 0.29691011, 12.12186909, -2.94740891]))
2018-07-05 00:41:43.142501 ('lpc: target_position: ', [10, 10, 3])
2018-07-05 00:41:43.142511 ('lpc: flight_state', <States.WAYPOINT: 3>)
2018-07-05 00:41:43.142521 ('lpc: Mission Status:', True)
2018-07-05 00:41:43.142527 ('lpc: current waypoints:', [[10, 10, 3], [10, 0, 3], [0, 0, 3]])
2018-07-05 00:41:43.142545 ('get_distance: distance: ', (9.703089892864227, 2.1218690872192383, 0.05259108543395996))
2018-07-05 00:41:43.142555 ('lpc: Sending to Waypoint Transition',)
2018-07-05 00:41:43.142594 ('waypoint_transition: enter',)
2018-07-05 00:41:43.142601 ('waypoint_transition: target_position: ', [10, 10, 3])
2018-07-05 00:41:43.148116 ('waypoint_transition: exit',)
2018-07-05 00:41:43.148137 ('lpc: -----Exit----------',)
2018-07-05 00:41:43.148196 ('velocity_callback: Pass',)
2018-07-05 00:41:43.358079 ('velocity_callback: Pass',)
2018-07-05 00:41:43.388011 ('lpc: -----Enter----------',)
2018-07-05 00:41:43.388047 ('lpc: local_position: ', array([ 0.93098491, 12.32282829, -2.95950794]))
2018-07-05 00:41:43.388306 ('lpc: target_position: ', [10, 10, 3])
2018-07-05 00:41:43.388317 ('lpc: flight_state', <States.WAYPOINT: 3>)
2018-07-05 00:41:43.388328 ('lpc: Mission Status:', True)
2018-07-05 00:41:43.388334 ('lpc: current waypoints:', [[10, 10, 3], [10, 0, 3], [0, 0, 3]])
2018-07-05 00:41:43.388352 ('get_distance: distance: ', (9.069015085697174, 2.3228282928466797, 0.04049205780029297))
2018-07-05 00:41:43.388362 ('lpc: Sending to Waypoint Transition',)
2018-07-05 00:41:43.388368 ('waypoint_transition: enter',)
2018-07-05 00:41:43.388374 ('waypoint_transition: target_position: ', [10, 10, 3])
2018-07-05 00:41:43.388515 ('waypoint_transition: exit',)
2018-07-05 00:41:43.388527 ('lpc: -----Exit----------',)
2018-07-05 00:41:43.388576 ('velocity_callback: Pass',)
2018-07-05 00:41:43.614519 ('velocity_callback: Pass',)
2018-07-05 00:41:43.637174 ('lpc: -----Enter----------',)
2018-07-05 00:41:43.637248 ('lpc: local_position: ', array([ 1.67950237, 12.34868813, -2.9635241 ]))
2018-07-05 00:41:43.637567 ('lpc: target_position: ', [10, 10, 3])
2018-07-05 00:41:43.637579 ('lpc: flight_state', <States.WAYPOINT: 3>)
2018-07-05 00:41:43.637592 ('lpc: Mission Status:', True)
2018-07-05 00:41:43.637599 ('lpc: current waypoints:', [[10, 10, 3], [10, 0, 3], [0, 0, 3]])
2018-07-05 00:41:43.637621 ('get_distance: distance: ', (8.320497632026672, 2.3486881256103516, 0.03647589683532715))
2018-07-05 00:41:43.637635 ('lpc: Sending to Waypoint Transition',)
2018-07-05 00:41:43.637641 ('waypoint_transition: enter',)
2018-07-05 00:41:43.637647 ('waypoint_transition: target_position: ', [10, 10, 3])
2018-07-05 00:41:43.644127 ('waypoint_transition: exit',)
2018-07-05 00:41:43.644144 ('lpc: -----Exit----------',)
2018-07-05 00:41:43.644203 ('velocity_callback: Pass',)
2018-07-05 00:41:43.739811 ('sc: enter',)
2018-07-05 00:41:43.739838 ('sc: flight_state: ', <States.WAYPOINT: 3>)
2018-07-05 00:41:43.739854 ('sc: Keeping States.WAYPOINT',)
2018-07-05 00:41:43.739859 ('sc: exit',)
2018-07-05 00:41:43.852814 ('velocity_callback: Pass',)
2018-07-05 00:41:43.886751 ('lpc: -----Enter----------',)
2018-07-05 00:41:43.886786 ('lpc: local_position: ', array([ 2.71171713, 12.25298882, -2.96912456]))
2018-07-05 00:41:43.887038 ('lpc: target_position: ', [10, 10, 3])
2018-07-05 00:41:43.887050 ('lpc: flight_state', <States.WAYPOINT: 3>)
2018-07-05 00:41:43.887063 ('lpc: Mission Status:', True)
2018-07-05 00:41:43.887069 ('lpc: current waypoints:', [[10, 10, 3], [10, 0, 3], [0, 0, 3]])
2018-07-05 00:41:43.887093 ('get_distance: distance: ', (7.288282871246338, 2.252988815307617, 0.030875444412231445))
2018-07-05 00:41:43.887106 ('lpc: Sending to Waypoint Transition',)
2018-07-05 00:41:43.887113 ('waypoint_transition: enter',)
2018-07-05 00:41:43.887118 ('waypoint_transition: target_position: ', [10, 10, 3])
2018-07-05 00:41:43.887280 ('waypoint_transition: exit',)
2018-07-05 00:41:43.887294 ('lpc: -----Exit----------',)
2018-07-05 00:41:43.887344 ('velocity_callback: Pass',)
2018-07-05 00:41:44.115327 ('velocity_callback: Pass',)
2018-07-05 00:41:44.135576 ('lpc: -----Enter----------',)
2018-07-05 00:41:44.135616 ('lpc: local_position: ', array([ 3.96493983, 11.9205904 , -2.97595882]))
2018-07-05 00:41:44.136004 ('lpc: target_position: ', [10, 10, 3])
2018-07-05 00:41:44.136017 ('lpc: flight_state', <States.WAYPOINT: 3>)
2018-07-05 00:41:44.136033 ('lpc: Mission Status:', True)
2018-07-05 00:41:44.136040 ('lpc: current waypoints:', [[10, 10, 3], [10, 0, 3], [0, 0, 3]])
2018-07-05 00:41:44.136062 ('get_distance: distance: ', (6.035060167312622, 1.9205904006958008, 0.024041175842285156))
2018-07-05 00:41:44.136081 ('lpc: Sending to Waypoint Transition',)
2018-07-05 00:41:44.136091 ('waypoint_transition: enter',)
2018-07-05 00:41:44.136098 ('waypoint_transition: target_position: ', [10, 10, 3])
2018-07-05 00:41:44.141566 ('waypoint_transition: exit',)
2018-07-05 00:41:44.141599 ('lpc: -----Exit----------',)
2018-07-05 00:41:44.141676 ('velocity_callback: Pass',)
2018-07-05 00:41:44.357923 ('velocity_callback: Pass',)
2018-07-05 00:41:44.386609 ('lpc: -----Enter----------',)
2018-07-05 00:41:44.386643 ('lpc: local_position: ', array([ 5.44660139, 11.7479744 , -2.96628666]))
2018-07-05 00:41:44.386886 ('lpc: target_position: ', [10, 10, 3])
2018-07-05 00:41:44.386896 ('lpc: flight_state', <States.WAYPOINT: 3>)
2018-07-05 00:41:44.386906 ('lpc: Mission Status:', True)
2018-07-05 00:41:44.386912 ('lpc: current waypoints:', [[10, 10, 3], [10, 0, 3], [0, 0, 3]])
2018-07-05 00:41:44.386930 ('get_distance: distance: ', (4.553398609161377, 1.7479743957519531, 0.033713340759277344))
2018-07-05 00:41:44.386940 ('lpc: Sending to Waypoint Transition',)
2018-07-05 00:41:44.386945 ('waypoint_transition: enter',)
2018-07-05 00:41:44.386950 ('waypoint_transition: target_position: ', [10, 10, 3])
2018-07-05 00:41:44.387084 ('waypoint_transition: exit',)
2018-07-05 00:41:44.387095 ('lpc: -----Exit----------',)
2018-07-05 00:41:44.387143 ('velocity_callback: Pass',)
2018-07-05 00:41:44.601267 ('velocity_callback: Pass',)
2018-07-05 00:41:44.642614 ('lpc: -----Enter----------',)
2018-07-05 00:41:44.642650 ('lpc: local_position: ', array([ 7.12499189, 11.37651157, -2.97373319]))
2018-07-05 00:41:44.642943 ('lpc: target_position: ', [10, 10, 3])
2018-07-05 00:41:44.642955 ('lpc: flight_state', <States.WAYPOINT: 3>)
2018-07-05 00:41:44.642966 ('lpc: Mission Status:', True)
2018-07-05 00:41:44.642972 ('lpc: current waypoints:', [[10, 10, 3], [10, 0, 3], [0, 0, 3]])
2018-07-05 00:41:44.642992 ('get_distance: distance: ', (2.8750081062316895, 1.376511573791504, 0.026266813278198242))
2018-07-05 00:41:44.643002 ('lpc: Sending to Waypoint Transition',)
2018-07-05 00:41:44.643008 ('waypoint_transition: enter',)
2018-07-05 00:41:44.643016 ('waypoint_transition: target_position: ', [10, 10, 3])
2018-07-05 00:41:44.648374 ('waypoint_transition: exit',)
2018-07-05 00:41:44.648390 ('lpc: -----Exit----------',)
2018-07-05 00:41:44.648442 ('velocity_callback: Pass',)
2018-07-05 00:41:44.744973 ('sc: enter',)
2018-07-05 00:41:44.744999 ('sc: flight_state: ', <States.WAYPOINT: 3>)
2018-07-05 00:41:44.745013 ('sc: Keeping States.WAYPOINT',)
2018-07-05 00:41:44.745018 ('sc: exit',)
2018-07-05 00:41:44.858043 ('velocity_callback: Pass',)
2018-07-05 00:41:44.886036 ('lpc: -----Enter----------',)
2018-07-05 00:41:44.886073 ('lpc: local_position: ', array([ 8.89901733, 10.7873888 , -2.97940564]))
2018-07-05 00:41:44.886318 ('lpc: target_position: ', [10, 10, 3])
2018-07-05 00:41:44.886328 ('lpc: flight_state', <States.WAYPOINT: 3>)
2018-07-05 00:41:44.886340 ('lpc: Mission Status:', True)
2018-07-05 00:41:44.886346 ('lpc: current waypoints:', [[10, 10, 3], [10, 0, 3], [0, 0, 3]])
2018-07-05 00:41:44.886365 ('get_distance: distance: ', (1.100982666015625, 0.787388801574707, 0.020594358444213867))
2018-07-05 00:41:44.886375 ('lpc: Sending to Waypoint Transition',)
2018-07-05 00:41:44.886381 ('waypoint_transition: enter',)
2018-07-05 00:41:44.886386 ('waypoint_transition: target_position: ', [10, 10, 3])
2018-07-05 00:41:44.886522 ('waypoint_transition: exit',)
2018-07-05 00:41:44.886534 ('lpc: -----Exit----------',)
2018-07-05 00:41:44.886581 ('velocity_callback: Pass',)
2018-07-05 00:41:45.103299 ('velocity_callback: Pass',)
2018-07-05 00:41:45.148350 ('lpc: -----Enter----------',)
2018-07-05 00:41:45.148389 ('lpc: local_position: ', array([10.14356709, 10.06661892, -2.9793849 ]))
2018-07-05 00:41:45.148663 ('lpc: target_position: ', [10, 10, 3])
2018-07-05 00:41:45.148674 ('lpc: flight_state', <States.WAYPOINT: 3>)
2018-07-05 00:41:45.148690 ('lpc: Mission Status:', True)
2018-07-05 00:41:45.148696 ('lpc: current waypoints:', [[10, 10, 3], [10, 0, 3], [0, 0, 3]])
2018-07-05 00:41:45.148769 ('get_distance: distance: ', (0.14356708526611328, 0.0666189193725586, 0.020615100860595703))
2018-07-05 00:41:45.148785 ('lpc: Waypoint reached',)
******Waypoint reached*****
2018-07-05 00:41:45.148793 ('lpc: deleting first waypoint',)
2018-07-05 00:41:45.148798 ('lpc: remaining waypoints:', [[10, 0, 3], [0, 0, 3]])
2018-07-05 00:41:45.148810 ('lpc: -----Exit----------',)
2018-07-05 00:41:45.148872 ('velocity_callback: Pass',)
2018-07-05 00:41:45.366579 ('velocity_callback: Pass',)
2018-07-05 00:41:45.389542 ('lpc: -----Enter----------',)
2018-07-05 00:41:45.389686 ('lpc: local_position: ', array([10.83419323,  9.61155415, -2.98477221]))
2018-07-05 00:41:45.390789 ('lpc: target_position: ', [10, 0, 3])
2018-07-05 00:41:45.390847 ('lpc: flight_state', <States.WAYPOINT: 3>)
2018-07-05 00:41:45.390906 ('lpc: Mission Status:', True)
2018-07-05 00:41:45.390944 ('lpc: current waypoints:', [[10, 0, 3], [0, 0, 3]])
2018-07-05 00:41:45.391043 ('get_distance: distance: ', (0.834193229675293, 9.611554145812988, 0.015227794647216797))
2018-07-05 00:41:45.391103 ('lpc: Sending to Waypoint Transition',)
2018-07-05 00:41:45.391132 ('waypoint_transition: enter',)
2018-07-05 00:41:45.391165 ('waypoint_transition: target_position: ', [10, 0, 3])
2018-07-05 00:41:45.391757 ('waypoint_transition: exit',)
2018-07-05 00:41:45.391817 ('lpc: -----Exit----------',)
2018-07-05 00:41:45.392042 ('velocity_callback: Pass',)
2018-07-05 00:41:45.602891 ('velocity_callback: Pass',)
2018-07-05 00:41:45.642025 ('lpc: -----Enter----------',)
2018-07-05 00:41:45.642060 ('lpc: local_position: ', array([11.46181393,  9.37551594, -2.97488475]))
2018-07-05 00:41:45.642296 ('lpc: target_position: ', [10, 0, 3])
2018-07-05 00:41:45.642306 ('lpc: flight_state', <States.WAYPOINT: 3>)
2018-07-05 00:41:45.642315 ('lpc: Mission Status:', True)
2018-07-05 00:41:45.642322 ('lpc: current waypoints:', [[10, 0, 3], [0, 0, 3]])
2018-07-05 00:41:45.642339 ('get_distance: distance: ', (1.4618139266967773, 9.375515937805176, 0.025115251541137695))
2018-07-05 00:41:45.642349 ('lpc: Sending to Waypoint Transition',)
2018-07-05 00:41:45.642355 ('waypoint_transition: enter',)
2018-07-05 00:41:45.642360 ('waypoint_transition: target_position: ', [10, 0, 3])
2018-07-05 00:41:45.648082 ('waypoint_transition: exit',)
2018-07-05 00:41:45.648099 ('lpc: -----Exit----------',)
2018-07-05 00:41:45.648149 ('velocity_callback: Pass',)
2018-07-05 00:41:45.747021 ('sc: enter',)
2018-07-05 00:41:45.747045 ('sc: flight_state: ', <States.WAYPOINT: 3>)
2018-07-05 00:41:45.747061 ('sc: Keeping States.WAYPOINT',)
2018-07-05 00:41:45.747066 ('sc: exit',)
2018-07-05 00:41:45.853759 ('velocity_callback: Pass',)
2018-07-05 00:41:45.888393 ('lpc: -----Enter----------',)
2018-07-05 00:41:45.888422 ('lpc: local_position: ', array([11.97684765,  8.92833614, -2.9829936 ]))
2018-07-05 00:41:45.888653 ('lpc: target_position: ', [10, 0, 3])
2018-07-05 00:41:45.888663 ('lpc: flight_state', <States.WAYPOINT: 3>)
2018-07-05 00:41:45.888675 ('lpc: Mission Status:', True)
2018-07-05 00:41:45.888681 ('lpc: current waypoints:', [[10, 0, 3], [0, 0, 3]])
2018-07-05 00:41:45.888698 ('get_distance: distance: ', (1.9768476486206055, 8.928336143493652, 0.017006397247314453))
2018-07-05 00:41:45.888708 ('lpc: Sending to Waypoint Transition',)
2018-07-05 00:41:45.888713 ('waypoint_transition: enter',)
2018-07-05 00:41:45.888718 ('waypoint_transition: target_position: ', [10, 0, 3])
2018-07-05 00:41:45.888844 ('waypoint_transition: exit',)
2018-07-05 00:41:45.888855 ('lpc: -----Exit----------',)
2018-07-05 00:41:45.888895 ('velocity_callback: Pass',)
2018-07-05 00:41:46.103512 ('velocity_callback: Pass',)
2018-07-05 00:41:46.142771 ('lpc: -----Enter----------',)
2018-07-05 00:41:46.142808 ('lpc: local_position: ', array([12.32945633,  8.10050583, -2.98866081]))
2018-07-05 00:41:46.143070 ('lpc: target_position: ', [10, 0, 3])
2018-07-05 00:41:46.143081 ('lpc: flight_state', <States.WAYPOINT: 3>)
2018-07-05 00:41:46.143092 ('lpc: Mission Status:', True)
2018-07-05 00:41:46.143101 ('lpc: current waypoints:', [[10, 0, 3], [0, 0, 3]])
2018-07-05 00:41:46.143120 ('get_distance: distance: ', (2.329456329345703, 8.100505828857422, 0.011339187622070312))
2018-07-05 00:41:46.143131 ('lpc: Sending to Waypoint Transition',)
2018-07-05 00:41:46.143137 ('waypoint_transition: enter',)
2018-07-05 00:41:46.143143 ('waypoint_transition: target_position: ', [10, 0, 3])
2018-07-05 00:41:46.148935 ('waypoint_transition: exit',)
2018-07-05 00:41:46.148954 ('lpc: -----Exit----------',)
2018-07-05 00:41:46.149012 ('velocity_callback: Pass',)
2018-07-05 00:41:46.353849 ('velocity_callback: Pass',)
2018-07-05 00:41:46.387680 ('lpc: -----Enter----------',)
2018-07-05 00:41:46.387713 ('lpc: local_position: ', array([12.27102852,  6.87541389, -2.98461509]))
2018-07-05 00:41:46.387945 ('lpc: target_position: ', [10, 0, 3])
2018-07-05 00:41:46.387954 ('lpc: flight_state', <States.WAYPOINT: 3>)
2018-07-05 00:41:46.387963 ('lpc: Mission Status:', True)
2018-07-05 00:41:46.387969 ('lpc: current waypoints:', [[10, 0, 3], [0, 0, 3]])
2018-07-05 00:41:46.387985 ('get_distance: distance: ', (2.271028518676758, 6.87541389465332, 0.015384912490844727))
2018-07-05 00:41:46.387994 ('lpc: Sending to Waypoint Transition',)
2018-07-05 00:41:46.387999 ('waypoint_transition: enter',)
2018-07-05 00:41:46.388004 ('waypoint_transition: target_position: ', [10, 0, 3])
2018-07-05 00:41:46.388130 ('waypoint_transition: exit',)
2018-07-05 00:41:46.388141 ('lpc: -----Exit----------',)
2018-07-05 00:41:46.388183 ('velocity_callback: Pass',)
2018-07-05 00:41:46.603630 ('velocity_callback: Pass',)
2018-07-05 00:41:46.641821 ('lpc: -----Enter----------',)
2018-07-05 00:41:46.641859 ('lpc: local_position: ', array([12.08870316,  5.54200983, -2.97843719]))
2018-07-05 00:41:46.642108 ('lpc: target_position: ', [10, 0, 3])
2018-07-05 00:41:46.642117 ('lpc: flight_state', <States.WAYPOINT: 3>)
2018-07-05 00:41:46.642128 ('lpc: Mission Status:', True)
2018-07-05 00:41:46.642134 ('lpc: current waypoints:', [[10, 0, 3], [0, 0, 3]])
2018-07-05 00:41:46.642151 ('get_distance: distance: ', (2.088703155517578, 5.5420098304748535, 0.021562814712524414))
2018-07-05 00:41:46.642164 ('lpc: Sending to Waypoint Transition',)
2018-07-05 00:41:46.642169 ('waypoint_transition: enter',)
2018-07-05 00:41:46.642174 ('waypoint_transition: target_position: ', [10, 0, 3])
2018-07-05 00:41:46.648634 ('waypoint_transition: exit',)
2018-07-05 00:41:46.648654 ('lpc: -----Exit----------',)
2018-07-05 00:41:46.648711 ('velocity_callback: Pass',)
2018-07-05 00:41:46.733263 ('sc: enter',)
2018-07-05 00:41:46.733303 ('sc: flight_state: ', <States.WAYPOINT: 3>)
2018-07-05 00:41:46.733323 ('sc: Keeping States.WAYPOINT',)
2018-07-05 00:41:46.733329 ('sc: exit',)
2018-07-05 00:41:46.852559 ('velocity_callback: Pass',)
2018-07-05 00:41:46.888540 ('lpc: -----Enter----------',)
2018-07-05 00:41:46.888576 ('lpc: local_position: ', array([11.97633648,  4.07259083, -2.9747839 ]))
2018-07-05 00:41:46.888811 ('lpc: target_position: ', [10, 0, 3])
2018-07-05 00:41:46.888820 ('lpc: flight_state', <States.WAYPOINT: 3>)
2018-07-05 00:41:46.888831 ('lpc: Mission Status:', True)
2018-07-05 00:41:46.888836 ('lpc: current waypoints:', [[10, 0, 3], [0, 0, 3]])
2018-07-05 00:41:46.888853 ('get_distance: distance: ', (1.9763364791870117, 4.0725908279418945, 0.025216102600097656))
2018-07-05 00:41:46.888864 ('lpc: Sending to Waypoint Transition',)
2018-07-05 00:41:46.888869 ('waypoint_transition: enter',)
2018-07-05 00:41:46.888874 ('waypoint_transition: target_position: ', [10, 0, 3])
2018-07-05 00:41:46.889005 ('waypoint_transition: exit',)
2018-07-05 00:41:46.889020 ('lpc: -----Exit----------',)
2018-07-05 00:41:46.889074 ('velocity_callback: Pass',)
2018-07-05 00:41:47.108379 ('velocity_callback: Pass',)
2018-07-05 00:41:47.143477 ('lpc: -----Enter----------',)
2018-07-05 00:41:47.143515 ('lpc: local_position: ', array([11.68314457,  2.35390925, -2.96229696]))
2018-07-05 00:41:47.143782 ('lpc: target_position: ', [10, 0, 3])
2018-07-05 00:41:47.143791 ('lpc: flight_state', <States.WAYPOINT: 3>)
2018-07-05 00:41:47.143839 ('lpc: Mission Status:', True)
2018-07-05 00:41:47.143847 ('lpc: current waypoints:', [[10, 0, 3], [0, 0, 3]])
2018-07-05 00:41:47.143864 ('get_distance: distance: ', (1.6831445693969727, 2.3539092540740967, 0.03770303726196289))
2018-07-05 00:41:47.143875 ('lpc: Sending to Waypoint Transition',)
2018-07-05 00:41:47.143881 ('waypoint_transition: enter',)
2018-07-05 00:41:47.143886 ('waypoint_transition: target_position: ', [10, 0, 3])
2018-07-05 00:41:47.149125 ('waypoint_transition: exit',)
2018-07-05 00:41:47.149145 ('lpc: -----Exit----------',)
2018-07-05 00:41:47.149198 ('velocity_callback: Pass',)
2018-07-05 00:41:47.358539 ('velocity_callback: Pass',)
2018-07-05 00:41:47.387925 ('lpc: -----Enter----------',)
2018-07-05 00:41:47.387962 ('lpc: local_position: ', array([10.92885876,  0.77387041, -2.96661282]))
2018-07-05 00:41:47.388219 ('lpc: target_position: ', [10, 0, 3])
2018-07-05 00:41:47.388230 ('lpc: flight_state', <States.WAYPOINT: 3>)
2018-07-05 00:41:47.388241 ('lpc: Mission Status:', True)
2018-07-05 00:41:47.388248 ('lpc: current waypoints:', [[10, 0, 3], [0, 0, 3]])
2018-07-05 00:41:47.388265 ('get_distance: distance: ', (0.928858757019043, 0.7738704085350037, 0.033387184143066406))
2018-07-05 00:41:47.388277 ('lpc: Sending to Waypoint Transition',)
2018-07-05 00:41:47.388284 ('waypoint_transition: enter',)
2018-07-05 00:41:47.388290 ('waypoint_transition: target_position: ', [10, 0, 3])
2018-07-05 00:41:47.388433 ('waypoint_transition: exit',)
2018-07-05 00:41:47.388445 ('lpc: -----Exit----------',)
2018-07-05 00:41:47.388494 ('velocity_callback: Pass',)
2018-07-05 00:41:47.608627 ('velocity_callback: Pass',)
2018-07-05 00:41:47.650581 ('lpc: -----Enter----------',)
2018-07-05 00:41:47.650616 ('lpc: local_position: ', array([10.10449696, -0.21152996, -2.96941066]))
2018-07-05 00:41:47.650859 ('lpc: target_position: ', [10, 0, 3])
2018-07-05 00:41:47.650869 ('lpc: flight_state', <States.WAYPOINT: 3>)
2018-07-05 00:41:47.650879 ('lpc: Mission Status:', True)
2018-07-05 00:41:47.650885 ('lpc: current waypoints:', [[10, 0, 3], [0, 0, 3]])
2018-07-05 00:41:47.650902 ('get_distance: distance: ', (0.10449695587158203, 0.2115299552679062, 0.03058934211730957))
2018-07-05 00:41:47.650912 ('lpc: Waypoint reached',)
******Waypoint reached*****
2018-07-05 00:41:47.650920 ('lpc: deleting first waypoint',)
2018-07-05 00:41:47.650924 ('lpc: remaining waypoints:', [[0, 0, 3]])
2018-07-05 00:41:47.650932 ('lpc: -----Exit----------',)
2018-07-05 00:41:47.650976 ('velocity_callback: Pass',)
2018-07-05 00:41:47.752219 ('sc: enter',)
2018-07-05 00:41:47.752245 ('sc: flight_state: ', <States.WAYPOINT: 3>)
2018-07-05 00:41:47.752260 ('sc: Keeping States.WAYPOINT',)
2018-07-05 00:41:47.752265 ('sc: exit',)
2018-07-05 00:41:47.869027 ('velocity_callback: Pass',)
2018-07-05 00:41:47.891304 ('lpc: -----Enter----------',)
2018-07-05 00:41:47.891389 ('lpc: local_position: ', array([ 9.65020561, -0.7982626 , -2.96421075]))
2018-07-05 00:41:47.892059 ('lpc: target_position: ', [0, 0, 3])
2018-07-05 00:41:47.892093 ('lpc: flight_state', <States.WAYPOINT: 3>)
2018-07-05 00:41:47.892124 ('lpc: Mission Status:', True)
2018-07-05 00:41:47.892143 ('lpc: current waypoints:', [[0, 0, 3]])
2018-07-05 00:41:47.892194 ('get_distance: distance: ', (9.650205612182617, 0.7982625961303711, 0.03578925132751465))
2018-07-05 00:41:47.892230 ('lpc: Sending to Waypoint Transition',)
2018-07-05 00:41:47.892248 ('waypoint_transition: enter',)
2018-07-05 00:41:47.892265 ('waypoint_transition: target_position: ', [0, 0, 3])
2018-07-05 00:41:47.892690 ('waypoint_transition: exit',)
2018-07-05 00:41:47.892742 ('lpc: -----Exit----------',)
2018-07-05 00:41:47.892950 ('velocity_callback: Pass',)
2018-07-05 00:41:48.108805 ('velocity_callback: Pass',)
2018-07-05 00:41:48.142679 ('lpc: -----Enter----------',)
2018-07-05 00:41:48.142714 ('lpc: local_position: ', array([ 9.45842457, -1.40567052, -2.96352625]))
2018-07-05 00:41:48.142972 ('lpc: target_position: ', [0, 0, 3])
2018-07-05 00:41:48.142984 ('lpc: flight_state', <States.WAYPOINT: 3>)
2018-07-05 00:41:48.142994 ('lpc: Mission Status:', True)
2018-07-05 00:41:48.143000 ('lpc: current waypoints:', [[0, 0, 3]])
2018-07-05 00:41:48.143016 ('get_distance: distance: ', (9.45842456817627, 1.4056705236434937, 0.036473751068115234))
2018-07-05 00:41:48.143026 ('lpc: Sending to Waypoint Transition',)
2018-07-05 00:41:48.143032 ('waypoint_transition: enter',)
2018-07-05 00:41:48.143037 ('waypoint_transition: target_position: ', [0, 0, 3])
2018-07-05 00:41:48.148385 ('waypoint_transition: exit',)
2018-07-05 00:41:48.148401 ('lpc: -----Exit----------',)
2018-07-05 00:41:48.148453 ('velocity_callback: Pass',)
2018-07-05 00:41:48.352942 ('velocity_callback: Pass',)
2018-07-05 00:41:48.388954 ('lpc: -----Enter----------',)
2018-07-05 00:41:48.388990 ('lpc: local_position: ', array([ 9.07332993, -1.57023513, -2.97185326]))
2018-07-05 00:41:48.389237 ('lpc: target_position: ', [0, 0, 3])
2018-07-05 00:41:48.389246 ('lpc: flight_state', <States.WAYPOINT: 3>)
2018-07-05 00:41:48.389256 ('lpc: Mission Status:', True)
2018-07-05 00:41:48.389262 ('lpc: current waypoints:', [[0, 0, 3]])
2018-07-05 00:41:48.389278 ('get_distance: distance: ', (9.07332992553711, 1.5702351331710815, 0.028146743774414062))
2018-07-05 00:41:48.389289 ('lpc: Sending to Waypoint Transition',)
2018-07-05 00:41:48.389296 ('waypoint_transition: enter',)
2018-07-05 00:41:48.389302 ('waypoint_transition: target_position: ', [0, 0, 3])
2018-07-05 00:41:48.389438 ('waypoint_transition: exit',)
2018-07-05 00:41:48.389450 ('lpc: -----Exit----------',)
2018-07-05 00:41:48.389497 ('velocity_callback: Pass',)
2018-07-05 00:41:48.604970 ('velocity_callback: Pass',)
2018-07-05 00:41:48.645777 ('lpc: -----Enter----------',)
2018-07-05 00:41:48.645814 ('lpc: local_position: ', array([ 8.21196651, -1.73311293, -2.97718215]))
2018-07-05 00:41:48.646064 ('lpc: target_position: ', [0, 0, 3])
2018-07-05 00:41:48.646073 ('lpc: flight_state', <States.WAYPOINT: 3>)
2018-07-05 00:41:48.646084 ('lpc: Mission Status:', True)
2018-07-05 00:41:48.646091 ('lpc: current waypoints:', [[0, 0, 3]])
2018-07-05 00:41:48.646108 ('get_distance: distance: ', (8.211966514587402, 1.7331129312515259, 0.02281785011291504))
2018-07-05 00:41:48.646119 ('lpc: Sending to Waypoint Transition',)
2018-07-05 00:41:48.646125 ('waypoint_transition: enter',)
2018-07-05 00:41:48.646130 ('waypoint_transition: target_position: ', [0, 0, 3])
2018-07-05 00:41:48.651371 ('waypoint_transition: exit',)
2018-07-05 00:41:48.651401 ('lpc: -----Exit----------',)
2018-07-05 00:41:48.651486 ('velocity_callback: Pass',)
2018-07-05 00:41:48.744941 ('sc: enter',)
2018-07-05 00:41:48.744966 ('sc: flight_state: ', <States.WAYPOINT: 3>)
2018-07-05 00:41:48.744981 ('sc: Keeping States.WAYPOINT',)
2018-07-05 00:41:48.744986 ('sc: exit',)
2018-07-05 00:41:48.854382 ('velocity_callback: Pass',)
2018-07-05 00:41:48.888628 ('lpc: -----Enter----------',)
2018-07-05 00:41:48.888665 ('lpc: local_position: ', array([ 7.13045025, -1.97633278, -2.97870994]))
2018-07-05 00:41:48.888917 ('lpc: target_position: ', [0, 0, 3])
2018-07-05 00:41:48.888927 ('lpc: flight_state', <States.WAYPOINT: 3>)
2018-07-05 00:41:48.888938 ('lpc: Mission Status:', True)
2018-07-05 00:41:48.888945 ('lpc: current waypoints:', [[0, 0, 3]])
2018-07-05 00:41:48.888962 ('get_distance: distance: ', (7.130450248718262, 1.9763327836990356, 0.021290063858032227))
2018-07-05 00:41:48.888973 ('lpc: Sending to Waypoint Transition',)
2018-07-05 00:41:48.888979 ('waypoint_transition: enter',)
2018-07-05 00:41:48.888984 ('waypoint_transition: target_position: ', [0, 0, 3])
2018-07-05 00:41:48.894613 ('waypoint_transition: exit',)
2018-07-05 00:41:48.894633 ('lpc: -----Exit----------',)
2018-07-05 00:41:48.894688 ('velocity_callback: Pass',)
2018-07-05 00:41:49.116392 ('velocity_callback: Pass',)
2018-07-05 00:41:49.139171 ('lpc: -----Enter----------',)
2018-07-05 00:41:49.139210 ('lpc: local_position: ', array([ 6.00944281, -1.65767586, -2.97714305]))
2018-07-05 00:41:49.139528 ('lpc: target_position: ', [0, 0, 3])
2018-07-05 00:41:49.139539 ('lpc: flight_state', <States.WAYPOINT: 3>)
2018-07-05 00:41:49.139600 ('lpc: Mission Status:', True)
2018-07-05 00:41:49.139608 ('lpc: current waypoints:', [[0, 0, 3]])
2018-07-05 00:41:49.139638 ('get_distance: distance: ', (6.0094428062438965, 1.657675862312317, 0.022856950759887695))
2018-07-05 00:41:49.139649 ('lpc: Sending to Waypoint Transition',)
2018-07-05 00:41:49.139655 ('waypoint_transition: enter',)
2018-07-05 00:41:49.139661 ('waypoint_transition: target_position: ', [0, 0, 3])
2018-07-05 00:41:49.146286 ('waypoint_transition: exit',)
2018-07-05 00:41:49.146317 ('lpc: -----Exit----------',)
2018-07-05 00:41:49.146393 ('velocity_callback: Pass',)
2018-07-05 00:41:49.352826 ('velocity_callback: Pass',)
2018-07-05 00:41:49.393164 ('lpc: -----Enter----------',)
2018-07-05 00:41:49.393212 ('lpc: local_position: ', array([ 4.58997297, -1.42916059, -2.97600675]))
2018-07-05 00:41:49.393534 ('lpc: target_position: ', [0, 0, 3])
2018-07-05 00:41:49.393546 ('lpc: flight_state', <States.WAYPOINT: 3>)
2018-07-05 00:41:49.393561 ('lpc: Mission Status:', True)
2018-07-05 00:41:49.393569 ('lpc: current waypoints:', [[0, 0, 3]])
2018-07-05 00:41:49.393601 ('get_distance: distance: ', (4.589972972869873, 1.4291605949401855, 0.023993253707885742))
2018-07-05 00:41:49.393617 ('lpc: Sending to Waypoint Transition',)
2018-07-05 00:41:49.393628 ('waypoint_transition: enter',)
2018-07-05 00:41:49.393637 ('waypoint_transition: target_position: ', [0, 0, 3])
2018-07-05 00:41:49.398837 ('waypoint_transition: exit',)
2018-07-05 00:41:49.398855 ('lpc: -----Exit----------',)
2018-07-05 00:41:49.398943 ('velocity_callback: Pass',)
2018-07-05 00:41:49.604580 ('velocity_callback: Pass',)
2018-07-05 00:41:49.644349 ('lpc: -----Enter----------',)
2018-07-05 00:41:49.644385 ('lpc: local_position: ', array([ 2.89645529, -1.12602568, -2.96973372]))
2018-07-05 00:41:49.644619 ('lpc: target_position: ', [0, 0, 3])
2018-07-05 00:41:49.644630 ('lpc: flight_state', <States.WAYPOINT: 3>)
2018-07-05 00:41:49.644641 ('lpc: Mission Status:', True)
2018-07-05 00:41:49.644646 ('lpc: current waypoints:', [[0, 0, 3]])
2018-07-05 00:41:49.644662 ('get_distance: distance: ', (2.8964552879333496, 1.126025676727295, 0.030266284942626953))
2018-07-05 00:41:49.644672 ('lpc: Sending to Waypoint Transition',)
2018-07-05 00:41:49.644679 ('waypoint_transition: enter',)
2018-07-05 00:41:49.644684 ('waypoint_transition: target_position: ', [0, 0, 3])
2018-07-05 00:41:49.644820 ('waypoint_transition: exit',)
2018-07-05 00:41:49.644832 ('lpc: -----Exit----------',)
2018-07-05 00:41:49.644877 ('velocity_callback: Pass',)
2018-07-05 00:41:49.738009 ('sc: enter',)
2018-07-05 00:41:49.738047 ('sc: flight_state: ', <States.WAYPOINT: 3>)
2018-07-05 00:41:49.738072 ('sc: Keeping States.WAYPOINT',)
2018-07-05 00:41:49.738077 ('sc: exit',)
2018-07-05 00:41:49.855208 ('velocity_callback: Pass',)
2018-07-05 00:41:49.890192 ('lpc: -----Enter----------',)
2018-07-05 00:41:49.890228 ('lpc: local_position: ', array([ 1.14212334, -0.66635638, -2.97485781]))
2018-07-05 00:41:49.890485 ('lpc: target_position: ', [0, 0, 3])
2018-07-05 00:41:49.890495 ('lpc: flight_state', <States.WAYPOINT: 3>)
2018-07-05 00:41:49.890505 ('lpc: Mission Status:', True)
2018-07-05 00:41:49.890511 ('lpc: current waypoints:', [[0, 0, 3]])
2018-07-05 00:41:49.890527 ('get_distance: distance: ', (1.1421233415603638, 0.6663563847541809, 0.025142192840576172))
2018-07-05 00:41:49.890537 ('lpc: Sending to Waypoint Transition',)
2018-07-05 00:41:49.890542 ('waypoint_transition: enter',)
2018-07-05 00:41:49.890548 ('waypoint_transition: target_position: ', [0, 0, 3])
2018-07-05 00:41:49.890682 ('waypoint_transition: exit',)
2018-07-05 00:41:49.890693 ('lpc: -----Exit----------',)
2018-07-05 00:41:49.890741 ('velocity_callback: Pass',)
2018-07-05 00:41:50.108786 ('velocity_callback: Pass',)
2018-07-05 00:41:50.139482 ('lpc: -----Enter----------',)
2018-07-05 00:41:50.139520 ('lpc: local_position: ', array([-0.24145201, -0.28680143, -2.96794963]))
2018-07-05 00:41:50.139770 ('lpc: target_position: ', [0, 0, 3])
2018-07-05 00:41:50.139781 ('lpc: flight_state', <States.WAYPOINT: 3>)
2018-07-05 00:41:50.139792 ('lpc: Mission Status:', True)
2018-07-05 00:41:50.139798 ('lpc: current waypoints:', [[0, 0, 3]])
2018-07-05 00:41:50.139815 ('get_distance: distance: ', (0.24145200848579407, 0.28680142760276794, 0.032050371170043945))
2018-07-05 00:41:50.139826 ('lpc: Waypoint reached',)
******Waypoint reached*****
2018-07-05 00:41:50.139832 ('lpc: deleting first waypoint',)
2018-07-05 00:41:50.139836 ('lpc: remaining waypoints:', [])
2018-07-05 00:41:50.139841 ('landing_transition: enter',)
2018-07-05 00:41:50.145787 ('landing_transition: exit',)
2018-07-05 00:41:50.145825 ('lpc: LANDING',)
******Landing*****
2018-07-05 00:41:50.145853 ('lpc: -----Exit----------',)
2018-07-05 00:41:50.145940 ('velocity_callback: Pass',)
2018-07-05 00:41:50.364255 ('velocity_callback: Pass',)
2018-07-05 00:41:50.389046 ('lpc: -----Enter----------',)
2018-07-05 00:41:50.389081 ('lpc: local_position: ', array([-1.00014281,  0.14674948, -2.80431318]))
2018-07-05 00:41:50.389337 ('lpc: target_position: ', [0, 0, 3])
2018-07-05 00:41:50.389347 ('lpc: flight_state', <States.LANDING: 4>)
2018-07-05 00:41:50.389358 ('lpc: Mission Status:', True)
2018-07-05 00:41:50.389368 ('lpc: LANDING',)
******Landing*****
2018-07-05 00:41:50.389381 ('lpc: -----Exit----------',)
2018-07-05 00:41:50.389427 ('velocity_callback: Pass',)
2018-07-05 00:41:50.611409 ('velocity_callback: Pass',)
2018-07-05 00:41:50.641309 ('lpc: -----Enter----------',)
2018-07-05 00:41:50.641348 ('lpc: local_position: ', array([-1.75038707,  0.57765132, -2.34001279]))
2018-07-05 00:41:50.641605 ('lpc: target_position: ', [0, 0, 3])
2018-07-05 00:41:50.641616 ('lpc: flight_state', <States.LANDING: 4>)
2018-07-05 00:41:50.641626 ('lpc: Mission Status:', True)
2018-07-05 00:41:50.641635 ('lpc: LANDING',)
******Landing*****
2018-07-05 00:41:50.641650 ('lpc: -----Exit----------',)
2018-07-05 00:41:50.641699 ('velocity_callback: Pass',)
2018-07-05 00:41:50.749939 ('sc: enter',)
2018-07-05 00:41:50.749965 ('sc: flight_state: ', <States.LANDING: 4>)
2018-07-05 00:41:50.749979 ('sc: exit',)
2018-07-05 00:41:50.855582 ('velocity_callback: Pass',)
2018-07-05 00:41:50.890553 ('lpc: -----Enter----------',)
2018-07-05 00:41:50.890590 ('lpc: local_position: ', array([-2.14589477,  0.56773794, -1.8318814 ]))
2018-07-05 00:41:50.890867 ('lpc: target_position: ', [0, 0, 3])
2018-07-05 00:41:50.890878 ('lpc: flight_state', <States.LANDING: 4>)
2018-07-05 00:41:50.890889 ('lpc: Mission Status:', True)
2018-07-05 00:41:50.890898 ('lpc: LANDING',)
******Landing*****
2018-07-05 00:41:50.890914 ('lpc: -----Exit----------',)
2018-07-05 00:41:50.890976 ('velocity_callback: Pass',)
2018-07-05 00:41:51.111347 ('velocity_callback: Pass',)
2018-07-05 00:41:51.140958 ('lpc: -----Enter----------',)
2018-07-05 00:41:51.140996 ('lpc: local_position: ', array([-2.31334519,  0.69283509, -1.28899789]))
2018-07-05 00:41:51.141246 ('lpc: target_position: ', [0, 0, 3])
2018-07-05 00:41:51.141256 ('lpc: flight_state', <States.LANDING: 4>)
2018-07-05 00:41:51.141267 ('lpc: Mission Status:', True)
2018-07-05 00:41:51.141275 ('lpc: LANDING',)
******Landing*****
2018-07-05 00:41:51.141288 ('lpc: -----Exit----------',)
2018-07-05 00:41:51.141336 ('velocity_callback: Pass',)
2018-07-05 00:41:51.360253 ('velocity_callback: Pass',)
2018-07-05 00:41:51.389424 ('lpc: -----Enter----------',)
2018-07-05 00:41:51.389461 ('lpc: local_position: ', array([-2.3598659 ,  0.48538837, -0.76261073]))
2018-07-05 00:41:51.389714 ('lpc: target_position: ', [0, 0, 3])
2018-07-05 00:41:51.389725 ('lpc: flight_state', <States.LANDING: 4>)
2018-07-05 00:41:51.389736 ('lpc: Mission Status:', True)
2018-07-05 00:41:51.389743 ('lpc: LANDING',)
******Landing*****
2018-07-05 00:41:51.389757 ('lpc: -----Exit----------',)
2018-07-05 00:41:51.389805 ('velocity_callback: Pass',)
2018-07-05 00:41:51.606022 ('velocity_callback: Pass',)
2018-07-05 00:41:51.646251 ('lpc: -----Enter----------',)
2018-07-05 00:41:51.646286 ('lpc: local_position: ', array([-2.02991939,  0.14137886, -0.23488849]))
2018-07-05 00:41:51.646521 ('lpc: target_position: ', [0, 0, 3])
2018-07-05 00:41:51.646567 ('lpc: flight_state', <States.LANDING: 4>)
2018-07-05 00:41:51.646580 ('lpc: Mission Status:', True)
2018-07-05 00:41:51.646587 ('lpc: LANDING',)
******Landing*****
2018-07-05 00:41:51.646600 ('lpc: -----Exit----------',)
2018-07-05 00:41:51.646646 ('velocity_callback: Pass',)
2018-07-05 00:41:51.742636 ('sc: enter',)
2018-07-05 00:41:51.742717 ('sc: flight_state: ', <States.LANDING: 4>)
2018-07-05 00:41:51.742773 ('sc: exit',)
2018-07-05 00:41:51.864561 ('velocity_callback: Pass',)
2018-07-05 00:41:51.890325 ('lpc: -----Enter----------',)
2018-07-05 00:41:51.890359 ('lpc: local_position: ', array([-1.5730027 ,  0.0652485 , -0.12746474]))
2018-07-05 00:41:51.890644 ('lpc: target_position: ', [0, 0, 3])
2018-07-05 00:41:51.890656 ('lpc: flight_state', <States.LANDING: 4>)
2018-07-05 00:41:51.890667 ('lpc: Mission Status:', True)
2018-07-05 00:41:51.890677 ('lpc: LANDING',)
******Landing*****
2018-07-05 00:41:51.890691 ('lpc: -----Exit----------',)
2018-07-05 00:41:51.890738 ('velocity_callback: Pass',)
2018-07-05 00:41:52.104900 ('velocity_callback: Pass',)
2018-07-05 00:41:52.146773 ('lpc: -----Enter----------',)
2018-07-05 00:41:52.146809 ('lpc: local_position: ', array([-1.44631708, -0.03152617, -0.08249569]))
2018-07-05 00:41:52.147062 ('lpc: target_position: ', [0, 0, 3])
2018-07-05 00:41:52.147072 ('lpc: flight_state', <States.LANDING: 4>)
2018-07-05 00:41:52.147087 ('lpc: Mission Status:', True)
2018-07-05 00:41:52.147097 ('lpc: LANDING',)
******Landing*****
2018-07-05 00:41:52.147111 ('lpc: -----Exit----------',)
2018-07-05 00:41:52.147158 ('velocity_callback: Pass',)
2018-07-05 00:41:52.355122 ('velocity_callback: Pass',)
2018-07-05 00:41:52.389003 ('lpc: -----Enter----------',)
2018-07-05 00:41:52.389038 ('lpc: local_position: ', array([-1.5780797 , -0.10000936, -0.08248134]))
2018-07-05 00:41:52.389283 ('lpc: target_position: ', [0, 0, 3])
2018-07-05 00:41:52.389294 ('lpc: flight_state', <States.LANDING: 4>)
2018-07-05 00:41:52.389304 ('lpc: Mission Status:', True)
2018-07-05 00:41:52.389312 ('lpc: LANDING',)
******Landing*****
2018-07-05 00:41:52.389324 ('lpc: -----Exit----------',)
2018-07-05 00:41:52.389369 ('velocity_callback: Pass',)
2018-07-05 00:41:52.604916 ('velocity_callback: Pass',)
2018-07-05 00:41:52.639068 ('lpc: -----Enter----------',)
2018-07-05 00:41:52.639118 ('lpc: local_position: ', array([-1.72008038, -0.02122989, -0.08241393]))
2018-07-05 00:41:52.639442 ('lpc: target_position: ', [0, 0, 3])
2018-07-05 00:41:52.639454 ('lpc: flight_state', <States.LANDING: 4>)
2018-07-05 00:41:52.639470 ('lpc: Mission Status:', True)
2018-07-05 00:41:52.639483 ('lpc: LANDING',)
******Landing*****
2018-07-05 00:41:52.639504 ('lpc: -----Exit----------',)
2018-07-05 00:41:52.639573 ('velocity_callback: Pass',)
2018-07-05 00:41:52.746427 ('sc: enter',)
2018-07-05 00:41:52.746452 ('sc: flight_state: ', <States.LANDING: 4>)
2018-07-05 00:41:52.746466 ('sc: exit',)
2018-07-05 00:41:52.858586 ('velocity_callback: Pass',)
2018-07-05 00:41:52.895766 ('lpc: -----Enter----------',)
2018-07-05 00:41:52.895810 ('lpc: local_position: ', array([-1.61658728,  0.05349315, -0.08230558]))
2018-07-05 00:41:52.896137 ('lpc: target_position: ', [0, 0, 3])
2018-07-05 00:41:52.896152 ('lpc: flight_state', <States.LANDING: 4>)
2018-07-05 00:41:52.896168 ('lpc: Mission Status:', True)
2018-07-05 00:41:52.896180 ('lpc: LANDING',)
******Landing*****
2018-07-05 00:41:52.896199 ('lpc: -----Exit----------',)
2018-07-05 00:41:52.896262 ('velocity_callback: Pass',)
2018-07-05 00:41:53.110253 ('velocity_callback: Pass',)
2018-07-05 00:41:53.147338 ('lpc: -----Enter----------',)
2018-07-05 00:41:53.147376 ('lpc: local_position: ', array([-1.52606142, -0.14334686, -0.08220334]))
2018-07-05 00:41:53.147629 ('lpc: target_position: ', [0, 0, 3])
2018-07-05 00:41:53.147639 ('lpc: flight_state', <States.LANDING: 4>)
2018-07-05 00:41:53.147650 ('lpc: Mission Status:', True)
2018-07-05 00:41:53.147658 ('lpc: LANDING',)
******Landing*****
2018-07-05 00:41:53.147671 ('lpc: -----Exit----------',)
2018-07-05 00:41:53.147722 ('velocity_callback: Pass',)
2018-07-05 00:41:53.367098 ('velocity_callback: Pass',)
2018-07-05 00:41:53.390298 ('lpc: -----Enter----------',)
2018-07-05 00:41:53.390336 ('lpc: local_position: ', array([-1.49893022, -0.10713914, -0.08217327]))
2018-07-05 00:41:53.390589 ('lpc: target_position: ', [0, 0, 3])
2018-07-05 00:41:53.390599 ('lpc: flight_state', <States.LANDING: 4>)
2018-07-05 00:41:53.390610 ('lpc: Mission Status:', True)
2018-07-05 00:41:53.390618 ('lpc: LANDING',)
******Landing*****
2018-07-05 00:41:53.390632 ('lpc: -----Exit----------',)
2018-07-05 00:41:53.390694 ('velocity_callback: Pass',)
2018-07-05 00:41:53.604830 ('velocity_callback: Pass',)
2018-07-05 00:41:53.653109 ('lpc: -----Enter----------',)
2018-07-05 00:41:53.653143 ('lpc: local_position: ', array([-1.68818259, -0.01616971, -0.08223277]))
2018-07-05 00:41:53.653385 ('lpc: target_position: ', [0, 0, 3])
2018-07-05 00:41:53.653396 ('lpc: flight_state', <States.LANDING: 4>)
2018-07-05 00:41:53.653407 ('lpc: Mission Status:', True)
2018-07-05 00:41:53.653414 ('lpc: LANDING',)
******Landing*****
2018-07-05 00:41:53.653428 ('lpc: -----Exit----------',)
2018-07-05 00:41:53.653478 ('velocity_callback: Pass',)
2018-07-05 00:41:53.745834 ('sc: enter',)
2018-07-05 00:41:53.745862 ('sc: flight_state: ', <States.LANDING: 4>)
2018-07-05 00:41:53.745875 ('sc: exit',)
2018-07-05 00:41:53.854771 ('velocity_callback: Pass',)
2018-07-05 00:41:53.895588 ('lpc: -----Enter----------',)
2018-07-05 00:41:53.895635 ('lpc: local_position: ', array([-1.61888969, -0.01497969, -0.08234534]))
2018-07-05 00:41:53.896015 ('lpc: target_position: ', [0, 0, 3])
2018-07-05 00:41:53.896033 ('lpc: flight_state', <States.LANDING: 4>)
2018-07-05 00:41:53.896058 ('lpc: Mission Status:', True)
2018-07-05 00:41:53.896070 ('lpc: LANDING',)
******Landing*****
2018-07-05 00:41:53.896090 ('lpc: -----Exit----------',)
2018-07-05 00:41:53.896157 ('velocity_callback: Pass',)
2018-07-05 00:41:54.116491 ('velocity_callback: Pass',)
2018-07-05 00:41:54.140755 ('lpc: -----Enter----------',)
2018-07-05 00:41:54.140808 ('lpc: local_position: ', array([-1.45190501,  0.1001834 , -0.08245153]))
2018-07-05 00:41:54.141198 ('lpc: target_position: ', [0, 0, 3])
2018-07-05 00:41:54.141212 ('lpc: flight_state', <States.LANDING: 4>)
2018-07-05 00:41:54.141223 ('lpc: Mission Status:', True)
2018-07-05 00:41:54.141231 ('lpc: LANDING',)
******Landing*****
2018-07-05 00:41:54.141245 ('lpc: -----Exit----------',)
2018-07-05 00:41:54.141303 ('velocity_callback: Pass',)
2018-07-05 00:41:54.366024 ('velocity_callback: Pass',)
2018-07-05 00:41:54.391267 ('lpc: -----Enter----------',)
2018-07-05 00:41:54.391311 ('lpc: local_position: ', array([-1.66148472,  0.08411293, -0.08249571]))
2018-07-05 00:41:54.391614 ('lpc: target_position: ', [0, 0, 3])
2018-07-05 00:41:54.391625 ('lpc: flight_state', <States.LANDING: 4>)
2018-07-05 00:41:54.391638 ('lpc: Mission Status:', True)
2018-07-05 00:41:54.391653 ('lpc: LANDING',)
******Landing*****
2018-07-05 00:41:54.391674 ('lpc: -----Exit----------',)
2018-07-05 00:41:54.391742 ('velocity_callback: Pass',)
2018-07-05 00:41:54.616682 ('velocity_callback: Pass',)
2018-07-05 00:41:54.647428 ('lpc: -----Enter----------',)
2018-07-05 00:41:54.647465 ('lpc: local_position: ', array([-1.69457245, -0.06877904, -0.08250001]))
2018-07-05 00:41:54.647717 ('lpc: target_position: ', [0, 0, 3])
2018-07-05 00:41:54.647727 ('lpc: flight_state', <States.LANDING: 4>)
2018-07-05 00:41:54.647738 ('lpc: Mission Status:', True)
2018-07-05 00:41:54.647745 ('lpc: LANDING',)
******Landing*****
2018-07-05 00:41:54.647758 ('lpc: -----Exit----------',)
2018-07-05 00:41:54.647807 ('velocity_callback: Pass',)
2018-07-05 00:41:54.744790 ('sc: enter',)
2018-07-05 00:41:54.744815 ('sc: flight_state: ', <States.LANDING: 4>)
2018-07-05 00:41:54.744830 ('sc: exit',)
2018-07-05 00:41:54.855651 ('velocity_callback: Pass',)
2018-07-05 00:41:54.896839 ('lpc: -----Enter----------',)
2018-07-05 00:41:54.896888 ('lpc: local_position: ', array([-1.74250972, -0.12216447, -0.08249997]))
2018-07-05 00:41:54.897281 ('lpc: target_position: ', [0, 0, 3])
2018-07-05 00:41:54.897378 ('lpc: flight_state', <States.LANDING: 4>)
2018-07-05 00:41:54.897402 ('lpc: Mission Status:', True)
2018-07-05 00:41:54.897415 ('lpc: LANDING',)
******Landing*****
2018-07-05 00:41:54.897441 ('lpc: -----Exit----------',)
2018-07-05 00:41:54.897537 ('velocity_callback: Pass',)
2018-07-05 00:41:55.112211 ('velocity_callback: Pass',)
2018-07-05 00:41:55.141163 ('lpc: -----Enter----------',)
2018-07-05 00:41:55.141203 ('lpc: local_position: ', array([-1.73124969, -0.00411427, -0.08250001]))
2018-07-05 00:41:55.141487 ('lpc: target_position: ', [0, 0, 3])
2018-07-05 00:41:55.141499 ('lpc: flight_state', <States.LANDING: 4>)
2018-07-05 00:41:55.141511 ('lpc: Mission Status:', True)
2018-07-05 00:41:55.141520 ('lpc: LANDING',)
******Landing*****
2018-07-05 00:41:55.141536 ('lpc: -----Exit----------',)
2018-07-05 00:41:55.141589 ('velocity_callback: Pass',)
2018-07-05 00:41:55.366329 ('velocity_callback: Pass',)
2018-07-05 00:41:55.401452 ('lpc: -----Enter----------',)
2018-07-05 00:41:55.401500 ('lpc: local_position: ', array([-1.64865315,  0.10566785, -0.0825    ]))
2018-07-05 00:41:55.401834 ('lpc: target_position: ', [0, 0, 3])
2018-07-05 00:41:55.401851 ('lpc: flight_state', <States.LANDING: 4>)
2018-07-05 00:41:55.401868 ('lpc: Mission Status:', True)
2018-07-05 00:41:55.401876 ('lpc: LANDING',)
******Landing*****
2018-07-05 00:41:55.401895 ('lpc: -----Exit----------',)
2018-07-05 00:41:55.401978 ('velocity_callback: Pass',)
2018-07-05 00:41:55.616969 ('velocity_callback: Pass',)
2018-07-05 00:41:55.641689 ('lpc: -----Enter----------',)
2018-07-05 00:41:55.641729 ('lpc: local_position: ', array([-1.6413449 , -0.026942  , -0.08249996]))
2018-07-05 00:41:55.641981 ('lpc: target_position: ', [0, 0, 3])
2018-07-05 00:41:55.641991 ('lpc: flight_state', <States.LANDING: 4>)
2018-07-05 00:41:55.642002 ('lpc: Mission Status:', True)
2018-07-05 00:41:55.642009 ('lpc: LANDING',)
******Landing*****
2018-07-05 00:41:55.642024 ('lpc: -----Exit----------',)
2018-07-05 00:41:55.642072 ('velocity_callback: Pass',)
2018-07-05 00:41:55.746944 ('sc: enter',)
2018-07-05 00:41:55.746967 ('sc: flight_state: ', <States.LANDING: 4>)
2018-07-05 00:41:55.746980 ('sc: exit',)
2018-07-05 00:41:55.868419 ('velocity_callback: Pass',)
2018-07-05 00:41:55.902782 ('lpc: -----Enter----------',)
2018-07-05 00:41:55.902837 ('lpc: local_position: ', array([-1.582497  ,  0.11155587, -0.0825    ]))
2018-07-05 00:41:55.903298 ('lpc: target_position: ', [0, 0, 3])
2018-07-05 00:41:55.903320 ('lpc: flight_state', <States.LANDING: 4>)
2018-07-05 00:41:55.903345 ('lpc: Mission Status:', True)
2018-07-05 00:41:55.903360 ('lpc: LANDING',)
******Landing*****
2018-07-05 00:41:55.903391 ('lpc: -----Exit----------',)
2018-07-05 00:41:55.903475 ('velocity_callback: Pass',)
2018-07-05 00:41:56.113075 ('velocity_callback: Pass',)
2018-07-05 00:41:56.142565 ('lpc: -----Enter----------',)
2018-07-05 00:41:56.142602 ('lpc: local_position: ', array([-1.70761096, -0.07082795, -0.08249994]))
2018-07-05 00:41:56.142865 ('lpc: target_position: ', [0, 0, 3])
2018-07-05 00:41:56.142877 ('lpc: flight_state', <States.LANDING: 4>)
2018-07-05 00:41:56.142888 ('lpc: Mission Status:', True)
2018-07-05 00:41:56.142897 ('lpc: LANDING',)
******Landing*****
2018-07-05 00:41:56.142910 ('lpc: -----Exit----------',)
2018-07-05 00:41:56.142961 ('velocity_callback: Pass',)
2018-07-05 00:41:56.361845 ('velocity_callback: Pass',)
2018-07-05 00:41:56.401447 ('lpc: -----Enter----------',)
2018-07-05 00:41:56.401524 ('lpc: local_position: ', array([-1.72772491, -0.09904699, -0.0825005 ]))
2018-07-05 00:41:56.407858 ('lpc: target_position: ', [0, 0, 3])
2018-07-05 00:41:56.407876 ('lpc: flight_state', <States.LANDING: 4>)
2018-07-05 00:41:56.407891 ('lpc: Mission Status:', True)
2018-07-05 00:41:56.407899 ('lpc: LANDING',)
******Landing*****
2018-07-05 00:41:56.407918 ('lpc: -----Exit----------',)
2018-07-05 00:41:56.407981 ('velocity_callback: Pass',)
2018-07-05 00:41:56.606915 ('velocity_callback: Pass',)
2018-07-05 00:41:56.641001 ('lpc: -----Enter----------',)
2018-07-05 00:41:56.641041 ('lpc: local_position: ', array([-1.66178215, -0.03668984, -0.08251587]))
2018-07-05 00:41:56.641289 ('lpc: target_position: ', [0, 0, 3])
2018-07-05 00:41:56.641309 ('lpc: flight_state', <States.LANDING: 4>)
2018-07-05 00:41:56.641320 ('lpc: Mission Status:', True)
2018-07-05 00:41:56.641327 ('lpc: LANDING',)
******Landing*****
2018-07-05 00:41:56.641340 ('lpc: -----Exit----------',)
2018-07-05 00:41:56.641385 ('velocity_callback: Pass',)
2018-07-05 00:41:56.745871 ('sc: enter',)
2018-07-05 00:41:56.745897 ('sc: flight_state: ', <States.LANDING: 4>)
2018-07-05 00:41:56.745912 ('sc: exit',)
2018-07-05 00:41:56.855882 ('velocity_callback: Pass',)
2018-07-05 00:41:56.905865 ('lpc: -----Enter----------',)
2018-07-05 00:41:56.905909 ('lpc: local_position: ', array([-1.45407808, -0.19286212, -0.08256947]))
2018-07-05 00:41:56.906254 ('lpc: target_position: ', [0, 0, 3])
2018-07-05 00:41:56.906270 ('lpc: flight_state', <States.LANDING: 4>)
2018-07-05 00:41:56.906288 ('lpc: Mission Status:', True)
2018-07-05 00:41:56.906298 ('lpc: LANDING',)
******Landing*****
2018-07-05 00:41:56.906317 ('lpc: -----Exit----------',)
2018-07-05 00:41:56.906388 ('velocity_callback: Pass',)
2018-07-05 00:41:57.106869 ('velocity_callback: Pass',)
2018-07-05 00:41:57.140847 ('lpc: -----Enter----------',)
2018-07-05 00:41:57.140882 ('lpc: local_position: ', array([-1.62712276, -0.0794375 , -0.08267538]))
2018-07-05 00:41:57.141116 ('lpc: target_position: ', [0, 0, 3])
2018-07-05 00:41:57.141125 ('lpc: flight_state', <States.LANDING: 4>)
2018-07-05 00:41:57.141135 ('lpc: Mission Status:', True)
2018-07-05 00:41:57.141142 ('lpc: LANDING',)
******Landing*****
2018-07-05 00:41:57.141154 ('lpc: -----Exit----------',)
2018-07-05 00:41:57.141197 ('velocity_callback: Pass',)
2018-07-05 00:41:57.355926 ('velocity_callback: Pass',)
2018-07-05 00:41:57.390656 ('lpc: -----Enter----------',)
2018-07-05 00:41:57.390693 ('lpc: local_position: ', array([-1.69064665, -0.00218954, -0.08277281]))
2018-07-05 00:41:57.390935 ('lpc: target_position: ', [0, 0, 3])
2018-07-05 00:41:57.390944 ('lpc: flight_state', <States.LANDING: 4>)
2018-07-05 00:41:57.390957 ('lpc: Mission Status:', True)
2018-07-05 00:41:57.390965 ('lpc: LANDING',)
******Landing*****
2018-07-05 00:41:57.390977 ('lpc: -----Exit----------',)
2018-07-05 00:41:57.391023 ('velocity_callback: Pass',)
2018-07-05 00:41:57.606817 ('velocity_callback: Pass',)
2018-07-05 00:41:57.640687 ('lpc: -----Enter----------',)
2018-07-05 00:41:57.640721 ('lpc: local_position: ', array([-1.57607472, -0.1457476 , -0.08282921]))
2018-07-05 00:41:57.640949 ('lpc: target_position: ', [0, 0, 3])
2018-07-05 00:41:57.640958 ('lpc: flight_state', <States.LANDING: 4>)
2018-07-05 00:41:57.640968 ('lpc: Mission Status:', True)
2018-07-05 00:41:57.640975 ('lpc: LANDING',)
******Landing*****
2018-07-05 00:41:57.640986 ('lpc: -----Exit----------',)
2018-07-05 00:41:57.641029 ('velocity_callback: Pass',)
2018-07-05 00:41:57.740431 ('sc: enter',)
2018-07-05 00:41:57.740453 ('sc: flight_state: ', <States.LANDING: 4>)
2018-07-05 00:41:57.740466 ('sc: exit',)
2018-07-05 00:41:57.862049 ('velocity_callback: Pass',)
2018-07-05 00:41:57.896265 ('lpc: -----Enter----------',)
2018-07-05 00:41:57.896301 ('lpc: local_position: ', array([-1.59330416, -0.03657601, -0.08280429]))
2018-07-05 00:41:57.896607 ('lpc: target_position: ', [0, 0, 3])
2018-07-05 00:41:57.896622 ('lpc: flight_state', <States.LANDING: 4>)
2018-07-05 00:41:57.896637 ('lpc: Mission Status:', True)
2018-07-05 00:41:57.896645 ('lpc: LANDING',)
******Landing*****
2018-07-05 00:41:57.896658 ('lpc: -----Exit----------',)
2018-07-05 00:41:57.896710 ('velocity_callback: Pass',)
2018-07-05 00:41:58.112322 ('velocity_callback: Pass',)
2018-07-05 00:41:58.147244 ('lpc: -----Enter----------',)
2018-07-05 00:41:58.147276 ('lpc: local_position: ', array([-1.54713261,  0.00569565, -0.08270393]))
2018-07-05 00:41:58.147507 ('lpc: target_position: ', [0, 0, 3])
2018-07-05 00:41:58.147516 ('lpc: flight_state', <States.LANDING: 4>)
2018-07-05 00:41:58.147526 ('lpc: Mission Status:', True)
2018-07-05 00:41:58.147567 ('lpc: LANDING',)
******Landing*****
2018-07-05 00:41:58.147581 ('lpc: -----Exit----------',)
2018-07-05 00:41:58.147621 ('velocity_callback: Pass',)
2018-07-05 00:41:58.356094 ('velocity_callback: Pass',)
2018-07-05 00:41:58.401605 ('lpc: -----Enter----------',)
2018-07-05 00:41:58.401673 ('lpc: local_position: ', array([-1.69624114, -0.01612832, -0.08259872]))
2018-07-05 00:41:58.402019 ('lpc: target_position: ', [0, 0, 3])
2018-07-05 00:41:58.402035 ('lpc: flight_state', <States.LANDING: 4>)
2018-07-05 00:41:58.402048 ('lpc: Mission Status:', True)
2018-07-05 00:41:58.402059 ('lpc: LANDING',)
******Landing*****
2018-07-05 00:41:58.402080 ('lpc: -----Exit----------',)
2018-07-05 00:41:58.402141 ('velocity_callback: Pass',)
2018-07-05 00:41:58.610063 ('velocity_callback: Pass',)
2018-07-05 00:41:58.649050 ('lpc: -----Enter----------',)
2018-07-05 00:41:58.649082 ('lpc: local_position: ', array([-1.72553897, -0.0091848 , -0.08250987]))
2018-07-05 00:41:58.649327 ('lpc: target_position: ', [0, 0, 3])
2018-07-05 00:41:58.649336 ('lpc: flight_state', <States.LANDING: 4>)
2018-07-05 00:41:58.649348 ('lpc: Mission Status:', True)
2018-07-05 00:41:58.649356 ('lpc: LANDING',)
******Landing*****
2018-07-05 00:41:58.649367 ('lpc: -----Exit----------',)
2018-07-05 00:41:58.649409 ('velocity_callback: Pass',)
2018-07-05 00:41:58.740082 ('sc: enter',)
2018-07-05 00:41:58.740105 ('sc: flight_state: ', <States.LANDING: 4>)
2018-07-05 00:41:58.740118 ('sc: exit',)
2018-07-05 00:41:58.857808 ('velocity_callback: Pass',)
2018-07-05 00:41:58.901756 ('lpc: -----Enter----------',)
2018-07-05 00:41:58.901803 ('lpc: local_position: ', array([-1.60184133,  0.01524687, -0.0819823 ]))
2018-07-05 00:41:58.902081 ('lpc: target_position: ', [0, 0, 3])
2018-07-05 00:41:58.902090 ('lpc: flight_state', <States.LANDING: 4>)
2018-07-05 00:41:58.902100 ('lpc: Mission Status:', True)
2018-07-05 00:41:58.902109 ('lpc: LANDING',)
******Landing*****
2018-07-05 00:41:58.902121 ('lpc: -----Exit----------',)
2018-07-05 00:41:58.902173 ('velocity_callback: Pass',)
2018-07-05 00:41:59.105226 ('velocity_callback: Pass',)
2018-07-05 00:41:59.143477 ('lpc: -----Enter----------',)
2018-07-05 00:41:59.143515 ('lpc: local_position: ', array([-1.5685401 , -0.14900723, -0.07926928]))
2018-07-05 00:41:59.143760 ('lpc: target_position: ', [0, 0, 3])
2018-07-05 00:41:59.143770 ('lpc: flight_state', <States.LANDING: 4>)
2018-07-05 00:41:59.143780 ('lpc: Mission Status:', True)
2018-07-05 00:41:59.143788 ('lpc: LANDING',)
******Landing*****
2018-07-05 00:41:59.143801 ('lpc: -----Exit----------',)
2018-07-05 00:41:59.143848 ('velocity_callback: Pass',)
2018-07-05 00:41:59.356493 ('velocity_callback: Pass',)
2018-07-05 00:41:59.404683 ('lpc: -----Enter----------',)
2018-07-05 00:41:59.404721 ('lpc: local_position: ', array([-1.56522226, -0.18243133, -0.07365844]))
2018-07-05 00:41:59.404960 ('lpc: target_position: ', [0, 0, 3])
2018-07-05 00:41:59.404969 ('lpc: flight_state', <States.LANDING: 4>)
2018-07-05 00:41:59.404980 ('lpc: Mission Status:', True)
2018-07-05 00:41:59.404988 ('lpc: LANDING',)
******Landing*****
2018-07-05 00:41:59.404999 ('lpc: -----Exit----------',)
2018-07-05 00:41:59.405044 ('velocity_callback: Pass',)
2018-07-05 00:41:59.605470 ('velocity_callback: Pass',)
2018-07-05 00:41:59.643639 ('lpc: -----Enter----------',)
2018-07-05 00:41:59.643675 ('lpc: local_position: ', array([-1.44127238, -0.04760699, -0.06421421]))
2018-07-05 00:41:59.643930 ('lpc: target_position: ', [0, 0, 3])
2018-07-05 00:41:59.643940 ('lpc: flight_state', <States.LANDING: 4>)
2018-07-05 00:41:59.643952 ('lpc: Mission Status:', True)
2018-07-05 00:41:59.643960 ('lpc: LANDING',)
******Landing*****
2018-07-05 00:41:59.643973 ('lpc: -----Exit----------',)
2018-07-05 00:41:59.644021 ('velocity_callback: Pass',)
2018-07-05 00:41:59.747549 ('sc: enter',)
2018-07-05 00:41:59.747573 ('sc: flight_state: ', <States.LANDING: 4>)
2018-07-05 00:41:59.747585 ('sc: exit',)
2018-07-05 00:41:59.857381 ('velocity_callback: Pass',)
2018-07-05 00:41:59.901582 ('lpc: -----Enter----------',)
2018-07-05 00:41:59.901626 ('lpc: local_position: ', array([-1.46941257, -0.08899907, -0.05413952]))
2018-07-05 00:41:59.901938 ('lpc: target_position: ', [0, 0, 3])
2018-07-05 00:41:59.901952 ('lpc: flight_state', <States.LANDING: 4>)
2018-07-05 00:41:59.901967 ('lpc: Mission Status:', True)
2018-07-05 00:41:59.901975 ('lpc: LANDING',)
******Landing*****
2018-07-05 00:41:59.902002 ('lpc: -----Exit----------',)
2018-07-05 00:41:59.902058 ('velocity_callback: Pass',)
2018-07-05 00:42:00.107934 ('velocity_callback: Pass',)
2018-07-05 00:42:00.142485 ('lpc: -----Enter----------',)
2018-07-05 00:42:00.142524 ('lpc: local_position: ', array([-1.66328263, -0.09919187, -0.04324044]))
2018-07-05 00:42:00.142762 ('lpc: target_position: ', [0, 0, 3])
2018-07-05 00:42:00.142772 ('lpc: flight_state', <States.LANDING: 4>)
2018-07-05 00:42:00.142783 ('lpc: Mission Status:', True)
2018-07-05 00:42:00.142790 ('lpc: LANDING',)
******Landing*****
2018-07-05 00:42:00.142803 ('lpc: -----Exit----------',)
2018-07-05 00:42:00.142848 ('velocity_callback: Pass',)
2018-07-05 00:42:00.357767 ('velocity_callback: Pass',)
2018-07-05 00:42:00.391769 ('lpc: -----Enter----------',)
2018-07-05 00:42:00.391813 ('lpc: local_position: ', array([-1.60458994,  0.06215443, -0.03519569]))
2018-07-05 00:42:00.392146 ('lpc: target_position: ', [0, 0, 3])
2018-07-05 00:42:00.392161 ('lpc: flight_state', <States.LANDING: 4>)
2018-07-05 00:42:00.392176 ('lpc: Mission Status:', True)
2018-07-05 00:42:00.392184 ('lpc: LANDING',)
******Landing*****
2018-07-05 00:42:00.392198 ('lpc: -----Exit----------',)
2018-07-05 00:42:00.392245 ('velocity_callback: Pass',)
2018-07-05 00:42:00.612335 ('velocity_callback: Pass',)
2018-07-05 00:42:00.643429 ('lpc: -----Enter----------',)
2018-07-05 00:42:00.643463 ('lpc: local_position: ', array([-1.45575321,  0.10498489, -0.02827162]))
2018-07-05 00:42:00.643694 ('lpc: target_position: ', [0, 0, 3])
2018-07-05 00:42:00.643704 ('lpc: flight_state', <States.LANDING: 4>)
2018-07-05 00:42:00.643714 ('lpc: Mission Status:', True)
2018-07-05 00:42:00.643721 ('lpc: LANDING',)
******Landing*****
2018-07-05 00:42:00.643734 ('lpc: -----Exit----------',)
2018-07-05 00:42:00.643777 ('velocity_callback: Pass',)
2018-07-05 00:42:00.746979 ('sc: enter',)
2018-07-05 00:42:00.747013 ('sc: flight_state: ', <States.LANDING: 4>)
2018-07-05 00:42:00.747030 ('sc: exit',)
2018-07-05 00:42:00.861772 ('velocity_callback: Pass',)
2018-07-05 00:42:00.904763 ('lpc: -----Enter----------',)
2018-07-05 00:42:00.904800 ('lpc: local_position: ', array([-1.38847804, -0.10870169, -0.02305726]))
2018-07-05 00:42:00.905044 ('lpc: target_position: ', [0, 0, 3])
2018-07-05 00:42:00.905054 ('lpc: flight_state', <States.LANDING: 4>)
2018-07-05 00:42:00.905074 ('lpc: Mission Status:', True)
2018-07-05 00:42:00.905082 ('lpc: LANDING',)
******Landing*****
2018-07-05 00:42:00.905094 ('lpc: -----Exit----------',)
2018-07-05 00:42:00.905140 ('velocity_callback: Pass',)
2018-07-05 00:42:01.107488 ('velocity_callback: Pass',)
2018-07-05 00:42:01.142494 ('lpc: -----Enter----------',)
2018-07-05 00:42:01.142530 ('lpc: local_position: ', array([-1.42974734, -0.04474059, -0.01769979]))
2018-07-05 00:42:01.142780 ('lpc: target_position: ', [0, 0, 3])
2018-07-05 00:42:01.142790 ('lpc: flight_state', <States.LANDING: 4>)
2018-07-05 00:42:01.142801 ('lpc: Mission Status:', True)
2018-07-05 00:42:01.142808 ('lpc: LANDING',)
******Landing*****
2018-07-05 00:42:01.142821 ('lpc: -----Exit----------',)
2018-07-05 00:42:01.142869 ('velocity_callback: Pass',)
2018-07-05 00:42:01.368025 ('velocity_callback: Pass',)
2018-07-05 00:42:01.401870 ('lpc: -----Enter----------',)
2018-07-05 00:42:01.401912 ('lpc: local_position: ', array([-1.54854906, -0.06807537, -0.01288278]))
2018-07-05 00:42:01.402239 ('lpc: target_position: ', [0, 0, 3])
2018-07-05 00:42:01.402254 ('lpc: flight_state', <States.LANDING: 4>)
2018-07-05 00:42:01.402269 ('lpc: Mission Status:', True)
2018-07-05 00:42:01.402282 ('lpc: LANDING',)
******Landing*****
2018-07-05 00:42:01.402301 ('lpc: -----Exit----------',)
2018-07-05 00:42:01.402365 ('velocity_callback: Pass',)
2018-07-05 00:42:01.608029 ('velocity_callback: Pass',)
2018-07-05 00:42:01.643021 ('lpc: -----Enter----------',)
2018-07-05 00:42:01.643055 ('lpc: local_position: ', array([-1.5685401 , -0.11416545, -0.00714011]))
2018-07-05 00:42:01.643289 ('lpc: target_position: ', [0, 0, 3])
2018-07-05 00:42:01.643299 ('lpc: flight_state', <States.LANDING: 4>)
2018-07-05 00:42:01.643309 ('lpc: Mission Status:', True)
2018-07-05 00:42:01.643317 ('lpc: LANDING',)
******Landing*****
2018-07-05 00:42:01.643328 ('disarming_transition: enter',)
2018-07-05 00:42:01.648683 ('disarming_transition: exit',)
2018-07-05 00:42:01.648699 ('lpc: -----Exit----------',)
2018-07-05 00:42:01.648748 ('velocity_callback: Pass',)
2018-07-05 00:42:01.740504 ('sc: enter',)
2018-07-05 00:42:01.740530 ('sc: flight_state: ', <States.DISARMING: 5>)
******Shutting Down*****
2018-07-05 00:42:01.740549 ('manual_transition: enter',)
2018-07-05 00:42:01.740687 ('start: Closing log file',)
